1713073171123	geckodriver	INFO	Listening on 127.0.0.1:51127
1713073174075	mozrunner::runner	INFO	Running command: "C:\\Program Files\\Mozilla Firefox\\firefox.exe" "--marionette" "--remote-debugging-port" "51128" "--remote-allow-hosts" "localhost" "-no-remote" "-profile" "C:\\Users\\nimun\\AppData\\Local\\Temp\\rust_mozprofilet4z0l5"
console.warn: services.settings: Ignoring preference override of remote settings server
console.warn: services.settings: Allow by setting MOZ_REMOTE_SETTINGS_DEVTOOLS=1 in the environment
1713073176684	Marionette	INFO	Marionette enabled
Dynamically enable window occlusion 0
1713073177094	Marionette	INFO	Listening on port 51140
WebDriver BiDi listening on ws://127.0.0.1:51128
Read port: 51140
1713073178008	RemoteAgent	WARN	TLS certificate errors will be ignored for this session
DevTools listening on ws://127.0.0.1:51128/devtools/browser/0a78d0b8-faad-4b54-910b-dfe400192b1d
console.warn: LoginRecipes: "Falling back to a synchronous message for: https://www.google.com."
JavaScript warning: https://www.youtube.com/s/player/7ebf4817/www-embed-player.vflset/www-embed-player.js, line 908: Script terminated by timeout at:
T@https://www.youtube.com/s/player/7ebf4817/www-embed-player.vflset/www-embed-player.js:908:226
@https://www.youtube.com/s/player/7ebf4817/www-embed-player.vflset/www-embed-player.js:1905:52
dl/<@https://www.youtube.com/s/player/7ebf4817/www-embed-player.vflset/www-embed-player.js:888:63

1713073206701	addons.xpi	ERROR	System addon update list error SyntaxError: XMLHttpRequest.open: 'http://%(server)s/dummy-system-addons.xml' is not a valid URL.
JavaScript warning: https://lens.google.com/uploadbyurl?url=https%3A%2F%2Fe666-201-240-82-35.ngrok-free.app%2FC%3A%5CUsers%5Cnimun%5CDocuments%5Cscripts%5Cexamples%5Copencv%5Ctmp%5Cimagen_recortada.jpg&hl=es-419&re=df&st=1713073203884&vpw=1366&vph=653&ep=gsbubu, line 141: Script terminated by timeout at:
_.wc@/_/mss/boq-lens/_/js/k=boq-lens.LensWebStandaloneUi.es_419.l5O6Q2736dY.es5.O/am=AAAAQAAAAAAAAAAAAAAAAAAAgMQGAAABsHAHAEAQAABhECQAoCOAADwkAAAQAAAAgHMHBgEAAAAAAAAAAAAAhAEAAAAAAAAAAAAAEOgk/d=1/excm=_b,_tp,uploadbyurl/ed=1/dg=0/wt=2/ujg=1/rs=AHorv-wbwWQ5OYwgYjlRXUJHsdjJkNNoYw/m=_b,_tp:141:90
TA@https://www.gstatic.com/_/mss/boq-lens/_/js/k=boq-lens.LensWebStandaloneUi.es_419.l5O6Q2736dY.es5.O/ck=boq-lens.LensWebStandaloneUi.YQ6YSuLiQzs.L.F4.O/am=AAAAQAAAAAAAAAAAAAAAAAAAgMQGAAABsHAHAEAQAABhECQAoCOAADwkAAAQAAAAgHMHBgEAAAAAAAAAAAAAhAEAAAAAAAAAAAAAEOgk/d=1/exm=A7fCU,BBI74,BVgquf,COQbmf,EEDORb,EFQ78c,HU2IR,IZT63,J1kVjd,JNoxi,KG2eXe,KUM7Z,L1AAkb,LEikZe,LjDtrd,MdUzUe,Mlhmy,MpJwZc,NtJ5Rd,NwH0H,O1Gjze,O6y8ed,OTA3Ae,OmgaI,PrPYRd,QIhFr,RMhBfe,SdcwHb,SpsfSb,Twn41b,U0aPgd,UUJqVe,Uas9Hd,Ulmmrd,V3dDOb,VwDzFe,Wf0Cmd,XVMNvd,Z5uLle,ZfAoz,ZwDk9d,_b,_tp,aIe7ef,aW3pY,aurFic,byfTOb,duFQFc,e5qFLc,fKUV3e,fRJM4d,gychg,hc6Ubd,kWgXee,lsjVmc,lwddkf,m9oV,n73qwf,ovKuLd,pjICDe,pw70Gc,s39S4,soHxf,w9hDv,wg1P6b,ws9Tlc,xQtZb,xUdipf,yDVVkb,zbML3c,zr1jrb/excm=_b,_tp,uploadbyurl/ed=1/wt=2/ujg=1/rs=AHorv-xLlq42V2l3t5i4wFC9yVKGxF4ZGA/ee=ALeJib:B8gLwd;AfeaP:TkrAjf;Afksuc:fBZcuf;BgS6mb:fidj5d;BjwMce:cXX2Wb;CxXAWb:YyRLvc;DULqB:RKfG5c;DpcR3d:zL72xf;EABSZ:MXZt9d;EVNhjf:pw70Gc;EmZ2Bf:zr1jrb;EnlcNd:WeHg4;Erl4fe:FloWmf;F9mqte:UoRcbe;G0KhTb:LIaoZ;GleZL:J1A7Od;HMDDWe:HPcd9d;HqeXPd:cmbnH;JXS8fb:Qj0suc;JbMT3:M25sS;JsbNhc:Xd8iUd;KQzWid:ZMKkN;KeeMUb:HiPxjc;LBgRLc:SdcwHb;MWIbN:Oezo8e;Me32dd:MEeYgc;NPKaK:SdcwHb;NSEoX:lazG7b;Np8Qkd:Dpx6qc;Nyt6ic:jn2sGd;OgagBe:cNTe0;Oj465e:KG2eXe;OohIYe:mpEAQb;Pjplud:EEDORb;Q6C5kf:pfdZCe;QGR0gd:Mlhmy;RDNBlf:zPRCJb;SLtqO:Kh1xYe;SNUn3:ZwDk9d;TxfV6d:YORN0b;UDrY1c:eps46d;UVmjEd:EesRsb;V2HTTe:RolTY;VGRfx:VFqbr;VN6jIc:ddQyuf;VOcgDe:YquhTb;VxQ32b:k0XsBb;WDGyFe:jcVOxd;Wfmdue:g3MJlb;XUezZ:sa7lqb;YV5bee:IvPZ6d;ZMvdv:PHFPjb;a56pNe:JEfCwb;aAJE9c:WHW6Ef;aZ61od:arTwJ;bDXwRe:UsyOtc;bcPXSc:gSZLJb;cEt90b:ws9Tlc;cFTWae:gT8qnd;dIoSBb:SpsfSb;dtl0hd:lLQWFe;eBAeSb:zbML3c;eBZ5Nd:VruDBd;eHDfl:ofjVkb;eO3lse:TC8ZNd;fWLTFc:TVBJbf;flqRgb:ta321d;g8nkx:U4MzKc;gaub4:TN6bMe;gtVSi:ekUOYd;h3MYod:cEt90b;hjRo6e:F62sG;hsLsYc:Vl118;iFQyKf:QIhFr;imqimf:jKGL2e;io8t5d:yDVVkb;kCQyJ:ueyPK;kMFpHd:OTA3Ae;kbAm9d:MkHyGd;lUFnVe:Sq92Y;nAFL3:s39S4;oGtAuc:sOXFj;pKJiXd:VCenhc;pNsl2d:j9Yuyc;pXdRYb:MdUzUe;qZx2Fc:j0xrE;qavrXe:zQzcXe;qddgKe:xQtZb;rQSrae:C6D5Fc;sP4Vbe:VwDzFe;sTsDMc:kHVSUb;tGdRVe:LQwvu;tosKvd:ZCqP3;trZL0b:qY8PFe;uY49fb:COQbmf;ul9GGd:VDovNc;uuQkY:u2V3ud;vGrMZ:Y1W8Ad;vfVwPd:lcrkwe;w3bZCb:ZPGaIb;w4rSdf:XKiZ9;w9w86d:aIe7ef;wQlYve:aLUfP;wR5FRb:O1Gjze;wV5Pjc:L8KGxe;xBbsrc:NEW1Qc;xMUn6e:e0kzxe;xqZiqf:BBI74;yxTchf:KUM7Z;z97YGf:oug9te;zaIgPb:k7Ai4b;zxnPse:duFQFc/m=RqjULd:15:434
U0a/<@https://www.gstatic.com/_/mss/boq-lens/_/js/k=boq-lens.LensWebStandaloneUi.es_419.l5O6Q2736dY.es5.O/ck=boq-lens.LensWebStandaloneUi.YQ6YSuLiQzs.L.F4.O/am=AAAAQAAAAAAAAAAAAAAAAAAAgMQGAAABsHAHAEAQAABhECQAoCOAADwkAAAQAAAAgHMHBgEAAAAAAAAAAAAAhAEAAAAAAAAAAAAAEOgk/d=1/exm=A7fCU,BBI74,BVgquf,COQbmf,EEDORb,EFQ78c,HU2IR,IZT63,J1kVjd,JNoxi,KG2eXe,KUM7Z,L1AAkb,LEikZe,LjDtrd,MdUzUe,Mlhmy,MpJwZc,NtJ5Rd,NwH0H,O1Gjze,O6y8ed,OTA3Ae,OmgaI,PrPYRd,QIhFr,RMhBfe,SdcwHb,SpsfSb,Twn41b,U0aPgd,UUJqVe,Uas9Hd,Ulmmrd,V3dDOb,VwDzFe,Wf0Cmd,XVMNvd,Z5uLle,ZfAoz,ZwDk9d,_b,_tp,aIe7ef,aW3pY,aurFic,byfTOb,duFQFc,e5qFLc,fKUV3e,fRJM4d,gychg,hc6Ubd,kWgXee,lsjVmc,lwddkf,m9oV,n73qwf,ovKuLd,pjICDe,pw70Gc,s39S4,soHxf,w9hDv,wg1P6b,ws9Tlc,xQtZb,xUdipf,yDVVkb,zbML3c,zr1jrb/excm=_b,_tp,uploadbyurl/ed=1/wt=2/ujg=1/rs=AHorv-xLlq42V2l3t5i4wFC9yVKGxF4ZGA/ee=ALeJib:B8gLwd;AfeaP:TkrAjf;Afksuc:fBZcuf;BgS6mb:fidj5d;BjwMce:cXX2Wb;CxXAWb:YyRLvc;DULqB:RKfG5c;DpcR3d:zL72xf;EABSZ:MXZt9d;EVNhjf:pw70Gc;EmZ2Bf:zr1jrb;EnlcNd:WeHg4;Erl4fe:FloWmf;F9mqte:UoRcbe;G0KhTb:LIaoZ;GleZL:J1A7Od;HMDDWe:HPcd9d;HqeXPd:cmbnH;JXS8fb:Qj0suc;JbMT3:M25sS;JsbNhc:Xd8iUd;KQzWid:ZMKkN;KeeMUb:HiPxjc;LBgRLc:SdcwHb;MWIbN:Oezo8e;Me32dd:MEeYgc;NPKaK:SdcwHb;NSEoX:lazG7b;Np8Qkd:Dpx6qc;Nyt6ic:jn2sGd;OgagBe:cNTe0;Oj465e:KG2eXe;OohIYe:mpEAQb;Pjplud:EEDORb;Q6C5kf:pfdZCe;QGR0gd:Mlhmy;RDNBlf:zPRCJb;SLtqO:Kh1xYe;SNUn3:ZwDk9d;TxfV6d:YORN0b;UDrY1c:eps46d;UVmjEd:EesRsb;V2HTTe:RolTY;VGRfx:VFqbr;VN6jIc:ddQyuf;VOcgDe:YquhTb;VxQ32b:k0XsBb;WDGyFe:jcVOxd;Wfmdue:g3MJlb;XUezZ:sa7lqb;YV5bee:IvPZ6d;ZMvdv:PHFPjb;a56pNe:JEfCwb;aAJE9c:WHW6Ef;aZ61od:arTwJ;bDXwRe:UsyOtc;bcPXSc:gSZLJb;cEt90b:ws9Tlc;cFTWae:gT8qnd;dIoSBb:SpsfSb;dtl0hd:lLQWFe;eBAeSb:zbML3c;eBZ5Nd:VruDBd;eHDfl:ofjVkb;eO3lse:TC8ZNd;fWLTFc:TVBJbf;flqRgb:ta321d;g8nkx:U4MzKc;gaub4:TN6bMe;gtVSi:ekUOYd;h3MYod:cEt90b;hjRo6e:F62sG;hsLsYc:Vl118;iFQyKf:QIhFr;imqimf:jKGL2e;io8t5d:yDVVkb;kCQyJ:ueyPK;kMFpHd:OTA3Ae;kbAm9d:MkHyGd;lUFnVe:Sq92Y;nAFL3:s39S4;oGtAuc:sOXFj;pKJiXd:VCenhc;pNsl2d:j9Yuyc;pXdRYb:MdUzUe;qZx2Fc:j0xrE;qavrXe:zQzcXe;qddgKe:xQtZb;rQSrae:C6D5Fc;sP4Vbe:VwDzFe;sTsDMc:kHVSUb;tGdRVe:LQwvu;tosKvd:ZCqP3;trZL0b:qY8PFe;uY49fb:COQbmf;ul9GGd:VDovNc;uuQkY:u2V3ud;vGrMZ:Y1W8Ad;vfVwPd:lcrkwe;w3bZCb:ZPGaIb;w4rSdf:XKiZ9;w9w86d:aIe7ef;wQlYve:aLUfP;wR5FRb:O1Gjze;wV5Pjc:L8KGxe;xBbsrc:NEW1Qc;xMUn6e:e0kzxe;xqZiqf:BBI74;yxTchf:KUM7Z;z97YGf:oug9te;zaIgPb:k7Ai4b;zxnPse:duFQFc/m=RqjULd:26:127
kB/</<@https://www.gstatic.com/_/mss/boq-lens/_/js/k=boq-lens.LensWebStandaloneUi.es_419.l5O6Q2736dY.es5.O/ck=boq-lens.LensWebStandaloneUi.YQ6YSuLiQzs.L.F4.O/am=AAAAQAAAAAAAAAAAAAAAAAAAgMQGAAABsHAHAEAQAABhECQAoCOAADwkAAAQAAAAgHMHBgEAAAAAAAAAAAAAhAEAAAAAAAAAAAAAEOgk/d=1/exm=A7fCU,BBI74,BVgquf,COQbmf,EEDORb,EFQ78c,HU2IR,IZT63,J1kVjd,JNoxi,KG2eXe,KUM7Z,L1AAkb,LEikZe,LjDtrd,MdUzUe,Mlhmy,MpJwZc,NtJ5Rd,NwH0H,O1Gjze,O6y8ed,OTA3Ae,OmgaI,PrPYRd,QIhFr,RMhBfe,SdcwHb,SpsfSb,Twn41b,U0aPgd,UUJqVe,Uas9Hd,Ulmmrd,V3dDOb,VwDzFe,Wf0Cmd,XVMNvd,Z5uLle,ZfAoz,ZwDk9d,_b,_tp,aIe7ef,aW3pY,aurFic,byfTOb,duFQFc,e5qFLc,fKUV3e,fRJM4d,gychg,hc6Ubd,kWgXee,lsjVmc,lwddkf,m9oV,n73qwf,ovKuLd,pjICDe,pw70Gc,s39S4,soHxf,w9hDv,wg1P6b,ws9Tlc,xQtZb,xUdipf,yDVVkb,zbML3c,zr1jrb/excm=_b,_tp,uploadbyurl/ed=1/wt=2/ujg=1/rs=AHorv-xLlq42V2l3t5i4wFC9yVKGxF4ZGA/ee=ALeJib:B8gLwd;AfeaP:TkrAjf;Afksuc:fBZcuf;BgS6mb:fidj5d;BjwMce:cXX2Wb;CxXAWb:YyRLvc;DULqB:RKfG5c;DpcR3d:zL72xf;EABSZ:MXZt9d;EVNhjf:pw70Gc;EmZ2Bf:zr1jrb;EnlcNd:WeHg4;Erl4fe:FloWmf;F9mqte:UoRcbe;G0KhTb:LIaoZ;GleZL:J1A7Od;HMDDWe:HPcd9d;HqeXPd:cmbnH;JXS8fb:Qj0suc;JbMT3:M25sS;JsbNhc:Xd8iUd;KQzWid:ZMKkN;KeeMUb:HiPxjc;LBgRLc:SdcwHb;MWIbN:Oezo8e;Me32dd:MEeYgc;NPKaK:SdcwHb;NSEoX:lazG7b;Np8Qkd:Dpx6qc;Nyt6ic:jn2sGd;OgagBe:cNTe0;Oj465e:KG2eXe;OohIYe:mpEAQb;Pjplud:EEDORb;Q6C5kf:pfdZCe;QGR0gd:Mlhmy;RDNBlf:zPRCJb;SLtqO:Kh1xYe;SNUn3:ZwDk9d;TxfV6d:YORN0b;UDrY1c:eps46d;UVmjEd:EesRsb;V2HTTe:RolTY;VGRfx:VFqbr;VN6jIc:ddQyuf;VOcgDe:YquhTb;VxQ32b:k0XsBb;WDGyFe:jcVOxd;Wfmdue:g3MJlb;XUezZ:sa7lqb;YV5bee:IvPZ6d;ZMvdv:PHFPjb;a56pNe:JEfCwb;aAJE9c:WHW6Ef;aZ61od:arTwJ;bDXwRe:UsyOtc;bcPXSc:gSZLJb;cEt90b:ws9Tlc;cFTWae:gT8qnd;dIoSBb:SpsfSb;dtl0hd:lLQWFe;eBAeSb:zbML3c;eBZ5Nd:VruDBd;eHDfl:ofjVkb;eO3lse:TC8ZNd;fWLTFc:TVBJbf;flqRgb:ta321d;g8nkx:U4MzKc;gaub4:TN6bMe;gtVSi:ekUOYd;h3MYod:cEt90b;hjRo6e:F62sG;hsLsYc:Vl118;iFQyKf:QIhFr;imqimf:jKGL2e;io8t5d:yDVVkb;kCQyJ:ueyPK;kMFpHd:OTA3Ae;kbAm9d:MkHyGd;lUFnVe:Sq92Y;nAFL3:s39S4;oGtAuc:sOXFj;pKJiXd:VCenhc;pNsl2d:j9Yuyc;pXdRYb:MdUzUe;qZx2Fc:j0xrE;qavrXe:zQzcXe;qddgKe:xQtZb;rQSrae:C6D5Fc;sP4Vbe:VwDzFe;sTsDMc:kHVSUb;tGdRVe:LQwvu;tosKvd:ZCqP3;trZL0b:qY8PFe;uY49fb:COQbmf;ul9GGd:VDovNc;uuQkY:u2V3ud;vGrMZ:Y1W8Ad;vfVwPd:lcrkwe;w3bZCb:ZPGaIb;w4rSdf:XKiZ9;w9w86d:aIe7ef;wQlYve:aLUfP;wR5FRb:O1Gjze;wV5Pjc:L8KGxe;xBbsrc:NEW1Qc;xMUn6e:e0kzxe;xqZiqf:BBI74;yxTchf:KUM7Z;z97YGf:oug9te;zaIgPb:k7Ai4b;zxnPse:duFQFc/m=RqjULd:28:14
W0a@https://www.gstatic.com/_/mss/boq-lens/_/js/k=boq-lens.LensWebStandaloneUi.es_419.l5O6Q2736dY.es5.O/ck=boq-lens.LensWebStandaloneUi.YQ6YSuLiQzs.L.F4.O/am=AAAAQAAAAAAAAAAAAAAAAAAAgMQGAAABsHAHAEAQAABhECQAoCOAADwkAAAQAAAAgHMHBgEAAAAAAAAAAAAAhAEAAAAAAAAAAAAAEOgk/d=1/exm=A7fCU,BBI74,BVgquf,COQbmf,EEDORb,EFQ78c,HU2IR,IZT63,J1kVjd,JNoxi,KG2eXe,KUM7Z,L1AAkb,LEikZe,LjDtrd,MdUzUe,Mlhmy,MpJwZc,NtJ5Rd,NwH0H,O1Gjze,O6y8ed,OTA3Ae,OmgaI,PrPYRd,QIhFr,RMhBfe,SdcwHb,SpsfSb,Twn41b,U0aPgd,UUJqVe,Uas9Hd,Ulmmrd,V3dDOb,VwDzFe,Wf0Cmd,XVMNvd,Z5uLle,ZfAoz,ZwDk9d,_b,_tp,aIe7ef,aW3pY,aurFic,byfTOb,duFQFc,e5qFLc,fKUV3e,fRJM4d,gychg,hc6Ubd,kWgXee,lsjVmc,lwddkf,m9oV,n73qwf,ovKuLd,pjICDe,pw70Gc,s39S4,soHxf,w9hDv,wg1P6b,ws9Tlc,xQtZb,xUdipf,yDVVkb,zbML3c,zr1jrb/excm=_b,_tp,uploadbyurl/ed=1/wt=2/ujg=1/rs=AHorv-xLlq42V2l3t5i4wFC9yVKGxF4ZGA/ee=ALeJib:B8gLwd;AfeaP:TkrAjf;Afksuc:fBZcuf;BgS6mb:fidj5d;BjwMce:cXX2Wb;CxXAWb:YyRLvc;DULqB:RKfG5c;DpcR3d:zL72xf;EABSZ:MXZt9d;EVNhjf:pw70Gc;EmZ2Bf:zr1jrb;EnlcNd:WeHg4;Erl4fe:FloWmf;F9mqte:UoRcbe;G0KhTb:LIaoZ;GleZL:J1A7Od;HMDDWe:HPcd9d;HqeXPd:cmbnH;JXS8fb:Qj0suc;JbMT3:M25sS;JsbNhc:Xd8iUd;KQzWid:ZMKkN;KeeMUb:HiPxjc;LBgRLc:SdcwHb;MWIbN:Oezo8e;Me32dd:MEeYgc;NPKaK:SdcwHb;NSEoX:lazG7b;Np8Qkd:Dpx6qc;Nyt6ic:jn2sGd;OgagBe:cNTe0;Oj465e:KG2eXe;OohIYe:mpEAQb;Pjplud:EEDORb;Q6C5kf:pfdZCe;QGR0gd:Mlhmy;RDNBlf:zPRCJb;SLtqO:Kh1xYe;SNUn3:ZwDk9d;TxfV6d:YORN0b;UDrY1c:eps46d;UVmjEd:EesRsb;V2HTTe:RolTY;VGRfx:VFqbr;VN6jIc:ddQyuf;VOcgDe:YquhTb;VxQ32b:k0XsBb;WDGyFe:jcVOxd;Wfmdue:g3MJlb;XUezZ:sa7lqb;YV5bee:IvPZ6d;ZMvdv:PHFPjb;a56pNe:JEfCwb;aAJE9c:WHW6Ef;aZ61od:arTwJ;bDXwRe:UsyOtc;bcPXSc:gSZLJb;cEt90b:ws9Tlc;cFTWae:gT8qnd;dIoSBb:SpsfSb;dtl0hd:lLQWFe;eBAeSb:zbML3c;eBZ5Nd:VruDBd;eHDfl:ofjVkb;eO3lse:TC8ZNd;fWLTFc:TVBJbf;flqRgb:ta321d;g8nkx:U4MzKc;gaub4:TN6bMe;gtVSi:ekUOYd;h3MYod:cEt90b;hjRo6e:F62sG;hsLsYc:Vl118;iFQyKf:QIhFr;imqimf:jKGL2e;io8t5d:yDVVkb;kCQyJ:ueyPK;kMFpHd:OTA3Ae;kbAm9d:MkHyGd;lUFnVe:Sq92Y;nAFL3:s39S4;oGtAuc:sOXFj;pKJiXd:VCenhc;pNsl2d:j9Yuyc;pXdRYb:MdUzUe;qZx2Fc:j0xrE;qavrXe:zQzcXe;qddgKe:xQtZb;rQSrae:C6D5Fc;sP4Vbe:VwDzFe;sTsDMc:kHVSUb;tGdRVe:LQwvu;tosKvd:ZCqP3;trZL0b:qY8PFe;uY49fb:COQbmf;ul9GGd:VDovNc;uuQkY:u2V3ud;vGrMZ:Y1W8Ad;vfVwPd:lcrkwe;w3bZCb:ZPGaIb;w4rSdf:XKiZ9;w9w86d:aIe7ef;wQlYve:aLUfP;wR5FRb:O1Gjze;wV5Pjc:L8KGxe;xBbsrc:NEW1Qc;xMUn6e:e0kzxe;xqZiqf:BBI74;yxTchf:KUM7Z;z97YGf:oug9te;zaIgPb:k7Ai4b;zxnPse:duFQFc/m=RqjULd:24:31
kB/<@https://www.gstatic.com/_/mss/boq-lens/_/js/k=boq-lens.LensWebStandaloneUi.es_419.l5O6Q2736dY.es5.O/ck=boq-lens.LensWebStandaloneUi.YQ6YSuLiQzs.L.F4.O/am=AAAAQAAAAAAAAAAAAAAAAAAAgMQGAAABsHAHAEAQAABhECQAoCOAADwkAAAQAAAAgHMHBgEAAAAAAAAAAAAAhAEAAAAAAAAAAAAAEOgk/d=1/exm=A7fCU,BBI74,BVgquf,COQbmf,EEDORb,EFQ78c,HU2IR,IZT63,J1kVjd,JNoxi,KG2eXe,KUM7Z,L1AAkb,LEikZe,LjDtrd,MdUzUe,Mlhmy,MpJwZc,NtJ5Rd,NwH0H,O1Gjze,O6y8ed,OTA3Ae,OmgaI,PrPYRd,QIhFr,RMhBfe,SdcwHb,SpsfSb,Twn41b,U0aPgd,UUJqVe,Uas9Hd,Ulmmrd,V3dDOb,VwDzFe,Wf0Cmd,XVMNvd,Z5uLle,ZfAoz,ZwDk9d,_b,_tp,aIe7ef,aW3pY,aurFic,byfTOb,duFQFc,e5qFLc,fKUV3e,fRJM4d,gychg,hc6Ubd,kWgXee,lsjVmc,lwddkf,m9oV,n73qwf,ovKuLd,pjICDe,pw70Gc,s39S4,soHxf,w9hDv,wg1P6b,ws9Tlc,xQtZb,xUdipf,yDVVkb,zbML3c,zr1jrb/excm=_b,_tp,uploadbyurl/ed=1/wt=2/ujg=1/rs=AHorv-xLlq42V2l3t5i4wFC9yVKGxF4ZGA/ee=ALeJib:B8gLwd;AfeaP:TkrAjf;Afksuc:fBZcuf;BgS6mb:fidj5d;BjwMce:cXX2Wb;CxXAWb:YyRLvc;DULqB:RKfG5c;DpcR3d:zL72xf;EABSZ:MXZt9d;EVNhjf:pw70Gc;EmZ2Bf:zr1jrb;EnlcNd:WeHg4;Erl4fe:FloWmf;F9mqte:UoRcbe;G0KhTb:LIaoZ;GleZL:J1A7Od;HMDDWe:HPcd9d;HqeXPd:cmbnH;JXS8fb:Qj0suc;JbMT3:M25sS;JsbNhc:Xd8iUd;KQzWid:ZMKkN;KeeMUb:HiPxjc;LBgRLc:SdcwHb;MWIbN:Oezo8e;Me32dd:MEeYgc;NPKaK:SdcwHb;NSEoX:lazG7b;Np8Qkd:Dpx6qc;Nyt6ic:jn2sGd;OgagBe:cNTe0;Oj465e:KG2eXe;OohIYe:mpEAQb;Pjplud:EEDORb;Q6C5kf:pfdZCe;QGR0gd:Mlhmy;RDNBlf:zPRCJb;SLtqO:Kh1xYe;SNUn3:ZwDk9d;TxfV6d:YORN0b;UDrY1c:eps46d;UVmjEd:EesRsb;V2HTTe:RolTY;VGRfx:VFqbr;VN6jIc:ddQyuf;VOcgDe:YquhTb;VxQ32b:k0XsBb;WDGyFe:jcVOxd;Wfmdue:g3MJlb;XUezZ:sa7lqb;YV5bee:IvPZ6d;ZMvdv:PHFPjb;a56pNe:JEfCwb;aAJE9c:WHW6Ef;aZ61od:arTwJ;bDXwRe:UsyOtc;bcPXSc:gSZLJb;cEt90b:ws9Tlc;cFTWae:gT8qnd;dIoSBb:SpsfSb;dtl0hd:lLQWFe;eBAeSb:zbML3c;eBZ5Nd:VruDBd;eHDfl:ofjVkb;eO3lse:TC8ZNd;fWLTFc:TVBJbf;flqRgb:ta321d;g8nkx:U4MzKc;gaub4:TN6bMe;gtVSi:ekUOYd;h3MYod:cEt90b;hjRo6e:F62sG;hsLsYc:Vl118;iFQyKf:QIhFr;imqimf:jKGL2e;io8t5d:yDVVkb;kCQyJ:ueyPK;kMFpHd:OTA3Ae;kbAm9d:MkHyGd;lUFnVe:Sq92Y;nAFL3:s39S4;oGtAuc:sOXFj;pKJiXd:VCenhc;pNsl2d:j9Yuyc;pXdRYb:MdUzUe;qZx2Fc:j0xrE;qavrXe:zQzcXe;qddgKe:xQtZb;rQSrae:C6D5Fc;sP4Vbe:VwDzFe;sTsDMc:kHVSUb;tGdRVe:LQwvu;tosKvd:ZCqP3;trZL0b:qY8PFe;uY49fb:COQbmf;ul9GGd:VDovNc;uuQkY:u2V3ud;vGrMZ:Y1W8Ad;vfVwPd:lcrkwe;w3bZCb:ZPGaIb;w4rSdf:XKiZ9;w9w86d:aIe7ef;wQlYve:aLUfP;wR5FRb:O1Gjze;wV5Pjc:L8KGxe;xBbsrc:NEW1Qc;xMUn6e:e0kzxe;xqZiqf:BBI74;yxTchf:KUM7Z;z97YGf:oug9te;zaIgPb:k7Ai4b;zxnPse:duFQFc/m=RqjULd:27:521
N0a/<@https://www.gstatic.com/_/mss/boq-lens/_/js/k=boq-lens.LensWebStandaloneUi.es_419.l5O6Q2736dY.es5.O/ck=boq-lens.LensWebStandaloneUi.YQ6YSuLiQzs.L.F4.O/am=AAAAQAAAAAAAAAAAAAAAAAAAgMQGAAABsHAHAEAQAABhECQAoCOAADwkAAAQAAAAgHMHBgEAAAAAAAAAAAAAhAEAAAAAAAAAAAAAEOgk/d=1/exm=A7fCU,BBI74,BVgquf,COQbmf,EEDORb,EFQ78c,HU2IR,IZT63,J1kVjd,JNoxi,KG2eXe,KUM7Z,L1AAkb,LEikZe,LjDtrd,MdUzUe,Mlhmy,MpJwZc,NtJ5Rd,NwH0H,O1Gjze,O6y8ed,OTA3Ae,OmgaI,PrPYRd,QIhFr,RMhBfe,SdcwHb,SpsfSb,Twn41b,U0aPgd,UUJqVe,Uas9Hd,Ulmmrd,V3dDOb,VwDzFe,Wf0Cmd,XVMNvd,Z5uLle,ZfAoz,ZwDk9d,_b,_tp,aIe7ef,aW3pY,aurFic,byfTOb,duFQFc,e5qFLc,fKUV3e,fRJM4d,gychg,hc6Ubd,kWgXee,lsjVmc,lwddkf,m9oV,n73qwf,ovKuLd,pjICDe,pw70Gc,s39S4,soHxf,w9hDv,wg1P6b,ws9Tlc,xQtZb,xUdipf,yDVVkb,zbML3c,zr1jrb/excm=_b,_tp,uploadbyurl/ed=1/wt=2/ujg=1/rs=AHorv-xLlq42V2l3t5i4wFC9yVKGxF4ZGA/ee=ALeJib:B8gLwd;AfeaP:TkrAjf;Afksuc:fBZcuf;BgS6mb:fidj5d;BjwMce:cXX2Wb;CxXAWb:YyRLvc;DULqB:RKfG5c;DpcR3d:zL72xf;EABSZ:MXZt9d;EVNhjf:pw70Gc;EmZ2Bf:zr1jrb;EnlcNd:WeHg4;Erl4fe:FloWmf;F9mqte:UoRcbe;G0KhTb:LIaoZ;GleZL:J1A7Od;HMDDWe:HPcd9d;HqeXPd:cmbnH;JXS8fb:Qj0suc;JbMT3:M25sS;JsbNhc:Xd8iUd;KQzWid:ZMKkN;KeeMUb:HiPxjc;LBgRLc:SdcwHb;MWIbN:Oezo8e;Me32dd:MEeYgc;NPKaK:SdcwHb;NSEoX:lazG7b;Np8Qkd:Dpx6qc;Nyt6ic:jn2sGd;OgagBe:cNTe0;Oj465e:KG2eXe;OohIYe:mpEAQb;Pjplud:EEDORb;Q6C5kf:pfdZCe;QGR0gd:Mlhmy;RDNBlf:zPRCJb;SLtqO:Kh1xYe;SNUn3:ZwDk9d;TxfV6d:YORN0b;UDrY1c:eps46d;UVmjEd:EesRsb;V2HTTe:RolTY;VGRfx:VFqbr;VN6jIc:ddQyuf;VOcgDe:YquhTb;VxQ32b:k0XsBb;WDGyFe:jcVOxd;Wfmdue:g3MJlb;XUezZ:sa7lqb;YV5bee:IvPZ6d;ZMvdv:PHFPjb;a56pNe:JEfCwb;aAJE9c:WHW6Ef;aZ61od:arTwJ;bDXwRe:UsyOtc;bcPXSc:gSZLJb;cEt90b:ws9Tlc;cFTWae:gT8qnd;dIoSBb:SpsfSb;dtl0hd:lLQWFe;eBAeSb:zbML3c;eBZ5Nd:VruDBd;eHDfl:ofjVkb;eO3lse:TC8ZNd;fWLTFc:TVBJbf;flqRgb:ta321d;g8nkx:U4MzKc;gaub4:TN6bMe;gtVSi:ekUOYd;h3MYod:cEt90b;hjRo6e:F62sG;hsLsYc:Vl118;iFQyKf:QIhFr;imqimf:jKGL2e;io8t5d:yDVVkb;kCQyJ:ueyPK;kMFpHd:OTA3Ae;kbAm9d:MkHyGd;lUFnVe:Sq92Y;nAFL3:s39S4;oGtAuc:sOXFj;pKJiXd:VCenhc;pNsl2d:j9Yuyc;pXdRYb:MdUzUe;qZx2Fc:j0xrE;qavrXe:zQzcXe;qddgKe:xQtZb;rQSrae:C6D5Fc;sP4Vbe:VwDzFe;sTsDMc:kHVSUb;tGdRVe:LQwvu;tosKvd:ZCqP3;trZL0b:qY8PFe;uY49fb:COQbmf;ul9GGd:VDovNc;uuQkY:u2V3ud;vGrMZ:Y1W8Ad;vfVwPd:lcrkwe;w3bZCb:ZPGaIb;w4rSdf:XKiZ9;w9w86d:aIe7ef;wQlYve:aLUfP;wR5FRb:O1Gjze;wV5Pjc:L8KGxe;xBbsrc:NEW1Qc;xMUn6e:e0kzxe;xqZiqf:BBI74;yxTchf:KUM7Z;z97YGf:oug9te;zaIgPb:k7Ai4b;zxnPse:duFQFc/m=RqjULd:22:66
aB/<@https://www.gstatic.com/_/mss/boq-lens/_/js/k=boq-lens.LensWebStandaloneUi.es_419.l5O6Q2736dY.es5.O/ck=boq-lens.LensWebStandaloneUi.YQ6YSuLiQzs.L.F4.O/am=AAAAQAAAAAAAAAAAAAAAAAAAgMQGAAABsHAHAEAQAABhECQAoCOAADwkAAAQAAAAgHMHBgEAAAAAAAAAAAAAhAEAAAAAAAAAAAAAEOgk/d=1/exm=A7fCU,BBI74,BVgquf,COQbmf,EEDORb,EFQ78c,HU2IR,IZT63,J1kVjd,JNoxi,KG2eXe,KUM7Z,L1AAkb,LEikZe,LjDtrd,MdUzUe,Mlhmy,MpJwZc,NtJ5Rd,NwH0H,O1Gjze,O6y8ed,OTA3Ae,OmgaI,PrPYRd,QIhFr,RMhBfe,SdcwHb,SpsfSb,Twn41b,U0aPgd,UUJqVe,Uas9Hd,Ulmmrd,V3dDOb,VwDzFe,Wf0Cmd,XVMNvd,Z5uLle,ZfAoz,ZwDk9d,_b,_tp,aIe7ef,aW3pY,aurFic,byfTOb,duFQFc,e5qFLc,fKUV3e,fRJM4d,gychg,hc6Ubd,kWgXee,lsjVmc,lwddkf,m9oV,n73qwf,ovKuLd,pjICDe,pw70Gc,s39S4,soHxf,w9hDv,wg1P6b,ws9Tlc,xQtZb,xUdipf,yDVVkb,zbML3c,zr1jrb/excm=_b,_tp,uploadbyurl/ed=1/wt=2/ujg=1/rs=AHorv-xLlq42V2l3t5i4wFC9yVKGxF4ZGA/ee=ALeJib:B8gLwd;AfeaP:TkrAjf;Afksuc:fBZcuf;BgS6mb:fidj5d;BjwMce:cXX2Wb;CxXAWb:YyRLvc;DULqB:RKfG5c;DpcR3d:zL72xf;EABSZ:MXZt9d;EVNhjf:pw70Gc;EmZ2Bf:zr1jrb;EnlcNd:WeHg4;Erl4fe:FloWmf;F9mqte:UoRcbe;G0KhTb:LIaoZ;GleZL:J1A7Od;HMDDWe:HPcd9d;HqeXPd:cmbnH;JXS8fb:Qj0suc;JbMT3:M25sS;JsbNhc:Xd8iUd;KQzWid:ZMKkN;KeeMUb:HiPxjc;LBgRLc:SdcwHb;MWIbN:Oezo8e;Me32dd:MEeYgc;NPKaK:SdcwHb;NSEoX:lazG7b;Np8Qkd:Dpx6qc;Nyt6ic:jn2sGd;OgagBe:cNTe0;Oj465e:KG2eXe;OohIYe:mpEAQb;Pjplud:EEDORb;Q6C5kf:pfdZCe;QGR0gd:Mlhmy;RDNBlf:zPRCJb;SLtqO:Kh1xYe;SNUn3:ZwDk9d;TxfV6d:YORN0b;UDrY1c:eps46d;UVmjEd:EesRsb;V2HTTe:RolTY;VGRfx:VFqbr;VN6jIc:ddQyuf;VOcgDe:YquhTb;VxQ32b:k0XsBb;WDGyFe:jcVOxd;Wfmdue:g3MJlb;XUezZ:sa7lqb;YV5bee:IvPZ6d;ZMvdv:PHFPjb;a56pNe:JEfCwb;aAJE9c:WHW6Ef;aZ61od:arTwJ;bDXwRe:UsyOtc;bcPXSc:gSZLJb;cEt90b:ws9Tlc;cFTWae:gT8qnd;dIoSBb:SpsfSb;dtl0hd:lLQWFe;eBAeSb:zbML3c;eBZ5Nd:VruDBd;eHDfl:ofjVkb;eO3lse:TC8ZNd;fWLTFc:TVBJbf;flqRgb:ta321d;g8nkx:U4MzKc;gaub4:TN6bMe;gtVSi:ekUOYd;h3MYod:cEt90b;hjRo6e:F62sG;hsLsYc:Vl118;iFQyKf:QIhFr;imqimf:jKGL2e;io8t5d:yDVVkb;kCQyJ:ueyPK;kMFpHd:OTA3Ae;kbAm9d:MkHyGd;lUFnVe:Sq92Y;nAFL3:s39S4;oGtAuc:sOXFj;pKJiXd:VCenhc;pNsl2d:j9Yuyc;pXdRYb:MdUzUe;qZx2Fc:j0xrE;qavrXe:zQzcXe;qddgKe:xQtZb;rQSrae:C6D5Fc;sP4Vbe:VwDzFe;sTsDMc:kHVSUb;tGdRVe:LQwvu;tosKvd:ZCqP3;trZL0b:qY8PFe;uY49fb:COQbmf;ul9GGd:VDovNc;uuQkY:u2V3ud;vGrMZ:Y1W8Ad;vfVwPd:lcrkwe;w3bZCb:ZPGaIb;w4rSdf:XKiZ9;w9w86d:aIe7ef;wQlYve:aLUfP;wR5FRb:O1Gjze;wV5Pjc:L8KGxe;xBbsrc:NEW1Qc;xMUn6e:e0kzxe;xqZiqf:BBI74;yxTchf:KUM7Z;z97YGf:oug9te;zaIgPb:k7Ai4b;zxnPse:duFQFc/m=RqjULd:15:2601
l@https://www.gstatic.com/_/mss/boq-lens/_/js/k=boq-lens.LensWebStandaloneUi.es_419.l5O6Q2736dY.es5.O/ck=boq-lens.LensWebStandaloneUi.YQ6YSuLiQzs.L.F4.O/am=AAAAQAAAAAAAAAAAAAAAAAAAgMQGAAABsHAHAEAQAABhECQAoCOAADwkAAAQAAAAgHMHBgEAAAAAAAAAAAAAhAEAAAAAAAAAAAAAEOgk/d=1/exm=A7fCU,BBI74,BVgquf,COQbmf,EEDORb,EFQ78c,HU2IR,IZT63,J1kVjd,JNoxi,KG2eXe,KUM7Z,L1AAkb,LEikZe,LjDtrd,MdUzUe,Mlhmy,MpJwZc,NtJ5Rd,NwH0H,O1Gjze,O6y8ed,OTA3Ae,OmgaI,PrPYRd,QIhFr,RMhBfe,SdcwHb,SpsfSb,Twn41b,U0aPgd,UUJqVe,Uas9Hd,Ulmmrd,V3dDOb,VwDzFe,Wf0Cmd,XVMNvd,Z5uLle,ZfAoz,ZwDk9d,_b,_tp,aIe7ef,aW3pY,aurFic,byfTOb,duFQFc,e5qFLc,fKUV3e,fRJM4d,gychg,hc6Ubd,kWgXee,lsjVmc,lwddkf,m9oV,n73qwf,ovKuLd,pjICDe,pw70Gc,s39S4,soHxf,w9hDv,wg1P6b,ws9Tlc,xQtZb,xUdipf,yDVVkb,zbML3c,zr1jrb/excm=_b,_tp,uploadbyurl/ed=1/wt=2/ujg=1/rs=AHorv-xLlq42V2l3t5i4wFC9yVKGxF4ZGA/ee=ALeJib:B8gLwd;AfeaP:TkrAjf;Afksuc:fBZcuf;BgS6mb:fidj5d;BjwMce:cXX2Wb;CxXAWb:YyRLvc;DULqB:RKfG5c;DpcR3d:zL72xf;EABSZ:MXZt9d;EVNhjf:pw70Gc;EmZ2Bf:zr1jrb;EnlcNd:WeHg4;Erl4fe:FloWmf;F9mqte:UoRcbe;G0KhTb:LIaoZ;GleZL:J1A7Od;HMDDWe:HPcd9d;HqeXPd:cmbnH;JXS8fb:Qj0suc;JbMT3:M25sS;JsbNhc:Xd8iUd;KQzWid:ZMKkN;KeeMUb:HiPxjc;LBgRLc:SdcwHb;MWIbN:Oezo8e;Me32dd:MEeYgc;NPKaK:SdcwHb;NSEoX:lazG7b;Np8Qkd:Dpx6qc;Nyt6ic:jn2sGd;OgagBe:cNTe0;Oj465e:KG2eXe;OohIYe:mpEAQb;Pjplud:EEDORb;Q6C5kf:pfdZCe;QGR0gd:Mlhmy;RDNBlf:zPRCJb;SLtqO:Kh1xYe;SNUn3:ZwDk9d;TxfV6d:YORN0b;UDrY1c:eps46d;UVmjEd:EesRsb;V2HTTe:RolTY;VGRfx:VFqbr;VN6jIc:ddQyuf;VOcgDe:YquhTb;VxQ32b:k0XsBb;WDGyFe:jcVOxd;Wfmdue:g3MJlb;XUezZ:sa7lqb;YV5bee:IvPZ6d;ZMvdv:PHFPjb;a56pNe:JEfCwb;aAJE9c:WHW6Ef;aZ61od:arTwJ;bDXwRe:UsyOtc;bcPXSc:gSZLJb;cEt90b:ws9Tlc;cFTWae:gT8qnd;dIoSBb:SpsfSb;dtl0hd:lLQWFe;eBAeSb:zbML3c;eBZ5Nd:VruDBd;eHDfl:ofjVkb;eO3lse:TC8ZNd;fWLTFc:TVBJbf;flqRgb:ta321d;g8nkx:U4MzKc;gaub4:TN6bMe;gtVSi:ekUOYd;h3MYod:cEt90b;hjRo6e:F62sG;hsLsYc:Vl118;iFQyKf:QIhFr;imqimf:jKGL2e;io8t5d:yDVVkb;kCQyJ:ueyPK;kMFpHd:OTA3Ae;kbAm9d:MkHyGd;lUFnVe:Sq92Y;nAFL3:s39S4;oGtAuc:sOXFj;pKJiXd:VCenhc;pNsl2d:j9Yuyc;pXdRYb:MdUzUe;qZx2Fc:j0xrE;qavrXe:zQzcXe;qddgKe:xQtZb;rQSrae:C6D5Fc;sP4Vbe:VwDzFe;sTsDMc:kHVSUb;tGdRVe:LQwvu;tosKvd:ZCqP3;trZL0b:qY8PFe;uY49fb:COQbmf;ul9GGd:VDovNc;uuQkY:u2V3ud;vGrMZ:Y1W8Ad;vfVwPd:lcrkwe;w3bZCb:ZPGaIb;w4rSdf:XKiZ9;w9w86d:aIe7ef;wQlYve:aLUfP;wR5FRb:O1Gjze;wV5Pjc:L8KGxe;xBbsrc:NEW1Qc;xMUn6e:e0kzxe;xqZiqf:BBI74;yxTchf:KUM7Z;z97YGf:oug9te;zaIgPb:k7Ai4b;zxnPse:duFQFc/m=RqjULd:20:891
c@https://www.gstatic.com/_/mss/boq-lens/_/js/k=boq-lens.LensWebStandaloneUi.es_419.l5O6Q2736dY.es5.O/ck=boq-lens.LensWebStandaloneUi.YQ6YSuLiQzs.L.F4.O/am=AAAAQAAAAAAAAAAAAAAAAAAAgMQGAAABsHAHAEAQAABhECQAoCOAADwkAAAQAAAAgHMHBgEAAAAAAAAAAAAAhAEAAAAAAAAAAAAAEOgk/d=1/exm=A7fCU,BBI74,BVgquf,COQbmf,EEDORb,EFQ78c,HU2IR,IZT63,J1kVjd,JNoxi,KG2eXe,KUM7Z,L1AAkb,LEikZe,LjDtrd,MdUzUe,Mlhmy,MpJwZc,NtJ5Rd,NwH0H,O1Gjze,O6y8ed,OTA3Ae,OmgaI,PrPYRd,QIhFr,RMhBfe,SdcwHb,SpsfSb,Twn41b,U0aPgd,UUJqVe,Uas9Hd,Ulmmrd,V3dDOb,VwDzFe,Wf0Cmd,XVMNvd,Z5uLle,ZfAoz,ZwDk9d,_b,_tp,aIe7ef,aW3pY,aurFic,byfTOb,duFQFc,e5qFLc,fKUV3e,fRJM4d,gychg,hc6Ubd,kWgXee,lsjVmc,lwddkf,m9oV,n73qwf,ovKuLd,pjICDe,pw70Gc,s39S4,soHxf,w9hDv,wg1P6b,ws9Tlc,xQtZb,xUdipf,yDVVkb,zbML3c,zr1jrb/excm=_b,_tp,uploadbyurl/ed=1/wt=2/ujg=1/rs=AHorv-xLlq42V2l3t5i4wFC9yVKGxF4ZGA/ee=ALeJib:B8gLwd;AfeaP:TkrAjf;Afksuc:fBZcuf;BgS6mb:fidj5d;BjwMce:cXX2Wb;CxXAWb:YyRLvc;DULqB:RKfG5c;DpcR3d:zL72xf;EABSZ:MXZt9d;EVNhjf:pw70Gc;EmZ2Bf:zr1jrb;EnlcNd:WeHg4;Erl4fe:FloWmf;F9mqte:UoRcbe;G0KhTb:LIaoZ;GleZL:J1A7Od;HMDDWe:HPcd9d;HqeXPd:cmbnH;JXS8fb:Qj0suc;JbMT3:M25sS;JsbNhc:Xd8iUd;KQzWid:ZMKkN;KeeMUb:HiPxjc;LBgRLc:SdcwHb;MWIbN:Oezo8e;Me32dd:MEeYgc;NPKaK:SdcwHb;NSEoX:lazG7b;Np8Qkd:Dpx6qc;Nyt6ic:jn2sGd;OgagBe:cNTe0;Oj465e:KG2eXe;OohIYe:mpEAQb;Pjplud:EEDORb;Q6C5kf:pfdZCe;QGR0gd:Mlhmy;RDNBlf:zPRCJb;SLtqO:Kh1xYe;SNUn3:ZwDk9d;TxfV6d:YORN0b;UDrY1c:eps46d;UVmjEd:EesRsb;V2HTTe:RolTY;VGRfx:VFqbr;VN6jIc:ddQyuf;VOcgDe:YquhTb;VxQ32b:k0XsBb;WDGyFe:jcVOxd;Wfmdue:g3MJlb;XUezZ:sa7lqb;YV5bee:IvPZ6d;ZMvdv:PHFPjb;a56pNe:JEfCwb;aAJE9c:WHW6Ef;aZ61od:arTwJ;bDXwRe:UsyOtc;bcPXSc:gSZLJb;cEt90b:ws9Tlc;cFTWae:gT8qnd;dIoSBb:SpsfSb;dtl0hd:lLQWFe;eBAeSb:zbML3c;eBZ5Nd:VruDBd;eHDfl:ofjVkb;eO3lse:TC8ZNd;fWLTFc:TVBJbf;flqRgb:ta321d;g8nkx:U4MzKc;gaub4:TN6bMe;gtVSi:ekUOYd;h3MYod:cEt90b;hjRo6e:F62sG;hsLsYc:Vl118;iFQyKf:QIhFr;imqimf:jKGL2e;io8t5d:yDVVkb;kCQyJ:ueyPK;kMFpHd:OTA3Ae;kbAm9d:MkHyGd;lUFnVe:Sq92Y;nAFL3:s39S4;oGtAuc:sOXFj;pKJiXd:VCenhc;pNsl2d:j9Yuyc;pXdRYb:MdUzUe;qZx2Fc:j0xrE;qavrXe:zQzcXe;qddgKe:xQtZb;rQSrae:C6D5Fc;sP4Vbe:VwDzFe;sTsDMc:kHVSUb;tGdRVe:LQwvu;tosKvd:ZCqP3;trZL0b:qY8PFe;uY49fb:COQbmf;ul9GGd:VDovNc;uuQkY:u2V3ud;vGrMZ:Y1W8Ad;vfVwPd:lcrkwe;w3bZCb:ZPGaIb;w4rSdf:XKiZ9;w9w86d:aIe7ef;wQlYve:aLUfP;wR5FRb:O1Gjze;wV5Pjc:L8KGxe;xBbsrc:NEW1Qc;xMUn6e:e0kzxe;xqZiqf:BBI74;yxTchf:KUM7Z;z97YGf:oug9te;zaIgPb:k7Ai4b;zxnPse:duFQFc/m=RqjULd:15:3300

1713073296409	Marionette	INFO	Stopped listening on port 51140
Dynamically enable window occlusion 1
1713073299813	geckodriver	INFO	Listening on 127.0.0.1:51270
1713073302848	mozrunner::runner	INFO	Running command: "C:\\Program Files\\Mozilla Firefox\\firefox.exe" "--marionette" "--remote-debugging-port" "51271" "--remote-allow-hosts" "localhost" "-no-remote" "-profile" "C:\\Users\\nimun\\AppData\\Local\\Temp\\rust_mozprofile7FHgoK"
console.warn: services.settings: Ignoring preference override of remote settings server
console.warn: services.settings: Allow by setting MOZ_REMOTE_SETTINGS_DEVTOOLS=1 in the environment
1713073304086	Marionette	INFO	Marionette enabled
Dynamically enable window occlusion 0
1713073304504	Marionette	INFO	Listening on port 51281
WebDriver BiDi listening on ws://127.0.0.1:51271
Read port: 51281
1713073305062	RemoteAgent	WARN	TLS certificate errors will be ignored for this session
DevTools listening on ws://127.0.0.1:51271/devtools/browser/707ff712-311f-4793-a1f8-d3561c30d8ae
console.warn: LoginRecipes: "Falling back to a synchronous message for: https://www.google.com."
JavaScript warning: https://www.youtube.com/s/player/7ebf4817/www-embed-player.vflset/www-embed-player.js, line 908: Script terminated by timeout at:
T@https://www.youtube.com/s/player/7ebf4817/www-embed-player.vflset/www-embed-player.js:908:226
@https://www.youtube.com/s/player/7ebf4817/www-embed-player.vflset/www-embed-player.js:1905:52
dl/<@https://www.youtube.com/s/player/7ebf4817/www-embed-player.vflset/www-embed-player.js:888:63

1713073334196	addons.xpi	ERROR	System addon update list error SyntaxError: XMLHttpRequest.open: 'http://%(server)s/dummy-system-addons.xml' is not a valid URL.
1713073365118	Marionette	INFO	Stopped listening on port 51281
Dynamically enable window occlusion 1
1713073365914	geckodriver	INFO	Listening on 127.0.0.1:51398
1713073368993	mozrunner::runner	INFO	Running command: "C:\\Program Files\\Mozilla Firefox\\firefox.exe" "--marionette" "--remote-debugging-port" "51399" "--remote-allow-hosts" "localhost" "-no-remote" "-profile" "C:\\Users\\nimun\\AppData\\Local\\Temp\\rust_mozprofilelBYjnO"
console.warn: services.settings: Ignoring preference override of remote settings server
console.warn: services.settings: Allow by setting MOZ_REMOTE_SETTINGS_DEVTOOLS=1 in the environment
1713073369905	Marionette	INFO	Marionette enabled
Dynamically enable window occlusion 0
1713073370096	Marionette	INFO	Listening on port 51411
WebDriver BiDi listening on ws://127.0.0.1:51399
Read port: 
1713073370259	geckodriver::browser	WARN	Failed fo convert  to u16
Read port: 51411
1713073370475	RemoteAgent	WARN	TLS certificate errors will be ignored for this session
DevTools listening on ws://127.0.0.1:51399/devtools/browser/0efcb438-f012-488b-a84a-560959036da9
1713073400250	addons.xpi	ERROR	System addon update list error SyntaxError: XMLHttpRequest.open: 'http://%(server)s/dummy-system-addons.xml' is not a valid URL.
console.warn: LoginRecipes: "Falling back to a synchronous message for: https://www.google.com."
JavaScript warning: https://www.youtube.com/s/player/7ebf4817/www-embed-player.vflset/www-embed-player.js, line 908: Script terminated by timeout at:
T@https://www.youtube.com/s/player/7ebf4817/www-embed-player.vflset/www-embed-player.js:908:226
@https://www.youtube.com/s/player/7ebf4817/www-embed-player.vflset/www-embed-player.js:1905:52
dl/<@https://www.youtube.com/s/player/7ebf4817/www-embed-player.vflset/www-embed-player.js:888:63

JavaScript warning: https://www.gstatic.com/_/mss/boq-lens/_/js/k=boq-lens.LensWebStandaloneUi.es_419.l5O6Q2736dY.es5.O/ck=boq-lens.LensWebStandaloneUi.YQ6YSuLiQzs.L.F4.O/am=AAAAQAAAAAAAAAAAAAAAAAAAgMQGAAABsHAHAEAQAABhECQAoCOAADwkAAAQAAAAgHMHBgEAAAAAAAAAAAAAhAEAAAAAAAAAAAAAEOgk/d=1/exm=A7fCU,BBI74,BVgquf,COQbmf,EEDORb,EFQ78c,HU2IR,IZT63,JNoxi,KG2eXe,KUM7Z,L1AAkb,LEikZe,LjDtrd,MdUzUe,Mlhmy,MpJwZc,NwH0H,O1Gjze,O6y8ed,OTA3Ae,OmgaI,PrPYRd,QIhFr,RMhBfe,SdcwHb,SpsfSb,U0aPgd,UUJqVe,Uas9Hd,Ulmmrd,V3dDOb,VwDzFe,Wf0Cmd,XVMNvd,Z5uLle,ZfAoz,ZwDk9d,_b,_tp,aIe7ef,aW3pY,aurFic,byfTOb,duFQFc,e5qFLc,fKUV3e,gychg,hc6Ubd,kWgXee,lsjVmc,lwddkf,m9oV,n73qwf,ovKuLd,pjICDe,pw70Gc,s39S4,w9hDv,ws9Tlc,xQtZb,xUdipf,yDVVkb,zbML3c,zr1jrb/excm=_b,_tp,uploadbyurl/ed=1/wt=2/ujg=1/rs=AHorv-xLlq42V2l3t5i4wFC9yVKGxF4ZGA/ee=ALeJib:B8gLwd;AfeaP:TkrAjf;Afksuc:fBZcuf;BgS6mb:fidj5d;BjwMce:cXX2Wb;CxXAWb:YyRLvc;DULqB:RKfG5c;DpcR3d:zL72xf;EABSZ:MXZt9d;EVNhjf:pw70Gc;EmZ2Bf:zr1jrb;EnlcNd:WeHg4;Erl4fe:FloWmf;F9mqte:UoRcbe;G0KhTb:LIaoZ;GleZL:J1A7Od;HMDDWe:HPcd9d;HqeXPd:cmbnH;JXS8fb:Qj0suc;JbMT3:M25sS;JsbNhc:Xd8iUd;KQzWid:ZMKkN;KeeMUb:HiPxjc;LBgRLc:SdcwHb;MWIbN:Oezo8e;Me32dd:MEeYgc;NPKaK:SdcwHb;NSEoX:lazG7b;Np8Qkd:Dpx6qc;Nyt6ic:jn2sGd;OgagBe:cNTe0;Oj465e:KG2eXe;OohIYe:mpEAQb;Pjplud:EEDORb;Q6C5kf:pfdZCe;QGR0gd:Mlhmy;RDNBlf:zPRCJb;SLtqO:Kh1xYe;SNUn3:ZwDk9d;TxfV6d:YORN0b;UDrY1c:eps46d;UVmjEd:EesRsb;V2HTTe:RolTY;VGRfx:VFqbr;VN6jIc:ddQyuf;VOcgDe:YquhTb;VxQ32b:k0XsBb;WDGyFe:jcVOxd;Wfmdue:g3MJlb;XUezZ:sa7lqb;YV5bee:IvPZ6d;ZMvdv:PHFPjb;a56pNe:JEfCwb;aAJE9c:WHW6Ef;aZ61od:arTwJ;bDXwRe:UsyOtc;bcPXSc:gSZLJb;cEt90b:ws9Tlc;cFTWae:gT8qnd;dIoSBb:SpsfSb;dtl0hd:lLQWFe;eBAeSb:zbML3c;eBZ5Nd:VruDBd;eHDfl:ofjVkb;eO3lse:TC8ZNd;fWLTFc:TVBJbf;flqRgb:ta321d;g8nkx:U4MzKc;gaub4:TN6bMe;gtVSi:ekUOYd;h3MYod:cEt90b;hjRo6e:F62sG;hsLsYc:Vl118;iFQyKf:QIhFr;imqimf:jKGL2e;io8t5d:yDVVkb;kCQyJ:ueyPK;kMFpHd:OTA3Ae;kbAm9d:MkHyGd;lUFnVe:Sq92Y;nAFL3:s39S4;oGtAuc:sOXFj;pKJiXd:VCenhc;pNsl2d:j9Yuyc;pXdRYb:MdUzUe;qZx2Fc:j0xrE;qavrXe:zQzcXe;qddgKe:xQtZb;rQSrae:C6D5Fc;sP4Vbe:VwDzFe;sTsDMc:kHVSUb;tGdRVe:LQwvu;tosKvd:ZCqP3;trZL0b:qY8PFe;uY49fb:COQbmf;ul9GGd:VDovNc;uuQkY:u2V3ud;vGrMZ:Y1W8Ad;vfVwPd:lcrkwe;w3bZCb:ZPGaIb;w4rSdf:XKiZ9;w9w86d:aIe7ef;wQlYve:aLUfP;wR5FRb:O1Gjze;wV5Pjc:L8KGxe;xBbsrc:NEW1Qc;xMUn6e:e0kzxe;xqZiqf:BBI74;yxTchf:KUM7Z;z97YGf:oug9te;zaIgPb:k7Ai4b;zxnPse:duFQFc/m=RqjULd, line 51: Script terminated by timeout at:
g0a/<@https://www.gstatic.com/_/mss/boq-lens/_/js/k=boq-lens.LensWebStandaloneUi.es_419.l5O6Q2736dY.es5.O/ck=boq-lens.LensWebStandaloneUi.YQ6YSuLiQzs.L.F4.O/am=AAAAQAAAAAAAAAAAAAAAAAAAgMQGAAABsHAHAEAQAABhECQAoCOAADwkAAAQAAAAgHMHBgEAAAAAAAAAAAAAhAEAAAAAAAAAAAAAEOgk/d=1/exm=A7fCU,BBI74,BVgquf,COQbmf,EEDORb,EFQ78c,HU2IR,IZT63,JNoxi,KG2eXe,KUM7Z,L1AAkb,LEikZe,LjDtrd,MdUzUe,Mlhmy,MpJwZc,NwH0H,O1Gjze,O6y8ed,OTA3Ae,OmgaI,PrPYRd,QIhFr,RMhBfe,SdcwHb,SpsfSb,U0aPgd,UUJqVe,Uas9Hd,Ulmmrd,V3dDOb,VwDzFe,Wf0Cmd,XVMNvd,Z5uLle,ZfAoz,ZwDk9d,_b,_tp,aIe7ef,aW3pY,aurFic,byfTOb,duFQFc,e5qFLc,fKUV3e,gychg,hc6Ubd,kWgXee,lsjVmc,lwddkf,m9oV,n73qwf,ovKuLd,pjICDe,pw70Gc,s39S4,w9hDv,ws9Tlc,xQtZb,xUdipf,yDVVkb,zbML3c,zr1jrb/excm=_b,_tp,uploadbyurl/ed=1/wt=2/ujg=1/rs=AHorv-xLlq42V2l3t5i4wFC9yVKGxF4ZGA/ee=ALeJib:B8gLwd;AfeaP:TkrAjf;Afksuc:fBZcuf;BgS6mb:fidj5d;BjwMce:cXX2Wb;CxXAWb:YyRLvc;DULqB:RKfG5c;DpcR3d:zL72xf;EABSZ:MXZt9d;EVNhjf:pw70Gc;EmZ2Bf:zr1jrb;EnlcNd:WeHg4;Erl4fe:FloWmf;F9mqte:UoRcbe;G0KhTb:LIaoZ;GleZL:J1A7Od;HMDDWe:HPcd9d;HqeXPd:cmbnH;JXS8fb:Qj0suc;JbMT3:M25sS;JsbNhc:Xd8iUd;KQzWid:ZMKkN;KeeMUb:HiPxjc;LBgRLc:SdcwHb;MWIbN:Oezo8e;Me32dd:MEeYgc;NPKaK:SdcwHb;NSEoX:lazG7b;Np8Qkd:Dpx6qc;Nyt6ic:jn2sGd;OgagBe:cNTe0;Oj465e:KG2eXe;OohIYe:mpEAQb;Pjplud:EEDORb;Q6C5kf:pfdZCe;QGR0gd:Mlhmy;RDNBlf:zPRCJb;SLtqO:Kh1xYe;SNUn3:ZwDk9d;TxfV6d:YORN0b;UDrY1c:eps46d;UVmjEd:EesRsb;V2HTTe:RolTY;VGRfx:VFqbr;VN6jIc:ddQyuf;VOcgDe:YquhTb;VxQ32b:k0XsBb;WDGyFe:jcVOxd;Wfmdue:g3MJlb;XUezZ:sa7lqb;YV5bee:IvPZ6d;ZMvdv:PHFPjb;a56pNe:JEfCwb;aAJE9c:WHW6Ef;aZ61od:arTwJ;bDXwRe:UsyOtc;bcPXSc:gSZLJb;cEt90b:ws9Tlc;cFTWae:gT8qnd;dIoSBb:SpsfSb;dtl0hd:lLQWFe;eBAeSb:zbML3c;eBZ5Nd:VruDBd;eHDfl:ofjVkb;eO3lse:TC8ZNd;fWLTFc:TVBJbf;flqRgb:ta321d;g8nkx:U4MzKc;gaub4:TN6bMe;gtVSi:ekUOYd;h3MYod:cEt90b;hjRo6e:F62sG;hsLsYc:Vl118;iFQyKf:QIhFr;imqimf:jKGL2e;io8t5d:yDVVkb;kCQyJ:ueyPK;kMFpHd:OTA3Ae;kbAm9d:MkHyGd;lUFnVe:Sq92Y;nAFL3:s39S4;oGtAuc:sOXFj;pKJiXd:VCenhc;pNsl2d:j9Yuyc;pXdRYb:MdUzUe;qZx2Fc:j0xrE;qavrXe:zQzcXe;qddgKe:xQtZb;rQSrae:C6D5Fc;sP4Vbe:VwDzFe;sTsDMc:kHVSUb;tGdRVe:LQwvu;tosKvd:ZCqP3;trZL0b:qY8PFe;uY49fb:COQbmf;ul9GGd:VDovNc;uuQkY:u2V3ud;vGrMZ:Y1W8Ad;vfVwPd:lcrkwe;w3bZCb:ZPGaIb;w4rSdf:XKiZ9;w9w86d:aIe7ef;wQlYve:aLUfP;wR5FRb:O1Gjze;wV5Pjc:L8KGxe;xBbsrc:NEW1Qc;xMUn6e:e0kzxe;xqZiqf:BBI74;yxTchf:KUM7Z;z97YGf:oug9te;zaIgPb:k7Ai4b;zxnPse:duFQFc/m=RqjULd:51:3523
c@https://www.gstatic.com/_/mss/boq-lens/_/js/k=boq-lens.LensWebStandaloneUi.es_419.l5O6Q2736dY.es5.O/ck=boq-lens.LensWebStandaloneUi.YQ6YSuLiQzs.L.F4.O/am=AAAAQAAAAAAAAAAAAAAAAAAAgMQGAAABsHAHAEAQAABhECQAoCOAADwkAAAQAAAAgHMHBgEAAAAAAAAAAAAAhAEAAAAAAAAAAAAAEOgk/d=1/exm=A7fCU,BBI74,BVgquf,COQbmf,EEDORb,EFQ78c,HU2IR,IZT63,JNoxi,KG2eXe,KUM7Z,L1AAkb,LEikZe,LjDtrd,MdUzUe,Mlhmy,MpJwZc,NwH0H,O1Gjze,O6y8ed,OTA3Ae,OmgaI,PrPYRd,QIhFr,RMhBfe,SdcwHb,SpsfSb,U0aPgd,UUJqVe,Uas9Hd,Ulmmrd,V3dDOb,VwDzFe,Wf0Cmd,XVMNvd,Z5uLle,ZfAoz,ZwDk9d,_b,_tp,aIe7ef,aW3pY,aurFic,byfTOb,duFQFc,e5qFLc,fKUV3e,gychg,hc6Ubd,kWgXee,lsjVmc,lwddkf,m9oV,n73qwf,ovKuLd,pjICDe,pw70Gc,s39S4,w9hDv,ws9Tlc,xQtZb,xUdipf,yDVVkb,zbML3c,zr1jrb/excm=_b,_tp,uploadbyurl/ed=1/wt=2/ujg=1/rs=AHorv-xLlq42V2l3t5i4wFC9yVKGxF4ZGA/ee=ALeJib:B8gLwd;AfeaP:TkrAjf;Afksuc:fBZcuf;BgS6mb:fidj5d;BjwMce:cXX2Wb;CxXAWb:YyRLvc;DULqB:RKfG5c;DpcR3d:zL72xf;EABSZ:MXZt9d;EVNhjf:pw70Gc;EmZ2Bf:zr1jrb;EnlcNd:WeHg4;Erl4fe:FloWmf;F9mqte:UoRcbe;G0KhTb:LIaoZ;GleZL:J1A7Od;HMDDWe:HPcd9d;HqeXPd:cmbnH;JXS8fb:Qj0suc;JbMT3:M25sS;JsbNhc:Xd8iUd;KQzWid:ZMKkN;KeeMUb:HiPxjc;LBgRLc:SdcwHb;MWIbN:Oezo8e;Me32dd:MEeYgc;NPKaK:SdcwHb;NSEoX:lazG7b;Np8Qkd:Dpx6qc;Nyt6ic:jn2sGd;OgagBe:cNTe0;Oj465e:KG2eXe;OohIYe:mpEAQb;Pjplud:EEDORb;Q6C5kf:pfdZCe;QGR0gd:Mlhmy;RDNBlf:zPRCJb;SLtqO:Kh1xYe;SNUn3:ZwDk9d;TxfV6d:YORN0b;UDrY1c:eps46d;UVmjEd:EesRsb;V2HTTe:RolTY;VGRfx:VFqbr;VN6jIc:ddQyuf;VOcgDe:YquhTb;VxQ32b:k0XsBb;WDGyFe:jcVOxd;Wfmdue:g3MJlb;XUezZ:sa7lqb;YV5bee:IvPZ6d;ZMvdv:PHFPjb;a56pNe:JEfCwb;aAJE9c:WHW6Ef;aZ61od:arTwJ;bDXwRe:UsyOtc;bcPXSc:gSZLJb;cEt90b:ws9Tlc;cFTWae:gT8qnd;dIoSBb:SpsfSb;dtl0hd:lLQWFe;eBAeSb:zbML3c;eBZ5Nd:VruDBd;eHDfl:ofjVkb;eO3lse:TC8ZNd;fWLTFc:TVBJbf;flqRgb:ta321d;g8nkx:U4MzKc;gaub4:TN6bMe;gtVSi:ekUOYd;h3MYod:cEt90b;hjRo6e:F62sG;hsLsYc:Vl118;iFQyKf:QIhFr;imqimf:jKGL2e;io8t5d:yDVVkb;kCQyJ:ueyPK;kMFpHd:OTA3Ae;kbAm9d:MkHyGd;lUFnVe:Sq92Y;nAFL3:s39S4;oGtAuc:sOXFj;pKJiXd:VCenhc;pNsl2d:j9Yuyc;pXdRYb:MdUzUe;qZx2Fc:j0xrE;qavrXe:zQzcXe;qddgKe:xQtZb;rQSrae:C6D5Fc;sP4Vbe:VwDzFe;sTsDMc:kHVSUb;tGdRVe:LQwvu;tosKvd:ZCqP3;trZL0b:qY8PFe;uY49fb:COQbmf;ul9GGd:VDovNc;uuQkY:u2V3ud;vGrMZ:Y1W8Ad;vfVwPd:lcrkwe;w3bZCb:ZPGaIb;w4rSdf:XKiZ9;w9w86d:aIe7ef;wQlYve:aLUfP;wR5FRb:O1Gjze;wV5Pjc:L8KGxe;xBbsrc:NEW1Qc;xMUn6e:e0kzxe;xqZiqf:BBI74;yxTchf:KUM7Z;z97YGf:oug9te;zaIgPb:k7Ai4b;zxnPse:duFQFc/m=RqjULd:51:3300

1713073725913	Marionette	INFO	Stopped listening on port 51411
Dynamically enable window occlusion 1
1713073824657	geckodriver	INFO	Listening on 127.0.0.1:51782
1713073827725	mozrunner::runner	INFO	Running command: "C:\\Program Files\\Mozilla Firefox\\firefox.exe" "--marionette" "--remote-debugging-port" "51783" "--remote-allow-hosts" "localhost" "-no-remote" "-profile" "C:\\Users\\nimun\\AppData\\Local\\Temp\\rust_mozprofileZO2dft"
console.warn: services.settings: Ignoring preference override of remote settings server
console.warn: services.settings: Allow by setting MOZ_REMOTE_SETTINGS_DEVTOOLS=1 in the environment
1713073828440	Marionette	INFO	Marionette enabled
Dynamically enable window occlusion 0
1713073828611	Marionette	INFO	Listening on port 51793
WebDriver BiDi listening on ws://127.0.0.1:51783
Read port: 51793
1713073828925	RemoteAgent	WARN	TLS certificate errors will be ignored for this session
DevTools listening on ws://127.0.0.1:51783/devtools/browser/fb1c4a39-d2db-4a31-9f5f-fe311fa42601
console.warn: LoginRecipes: "Falling back to a synchronous message for: https://www.google.com."
JavaScript warning: https://www.youtube.com/s/player/7ebf4817/www-embed-player.vflset/www-embed-player.js, line 908: Script terminated by timeout at:
T@https://www.youtube.com/s/player/7ebf4817/www-embed-player.vflset/www-embed-player.js:908:226
@https://www.youtube.com/s/player/7ebf4817/www-embed-player.vflset/www-embed-player.js:1905:52
dl/<@https://www.youtube.com/s/player/7ebf4817/www-embed-player.vflset/www-embed-player.js:888:63

1713073857660	Marionette	INFO	Stopped listening on port 51793
Dynamically enable window occlusion 1
console.error: (new Error("Polling for changes failed: NetworkError: Network request failed.", "resource://services-settings/remote-settings.sys.mjs", 324))
1713073859071	addons.xpi	ERROR	System addon update list error Error: Failed downloading XML, status: 0, channelStatus: 2147500036, errorCode: 2, reason: error
console.error: Region.sys.mjs: "Error fetching region" (new TypeError("NetworkError when attempting to fetch resource.", "resource://gre/modules/Region.sys.mjs", 738))
console.error: Region.sys.mjs: "Failed to fetch region" (new Error("NO_RESULT", "resource://gre/modules/Region.sys.mjs", 411))
1713074195888	geckodriver	INFO	Listening on 127.0.0.1:52038
1713074198926	mozrunner::runner	INFO	Running command: "C:\\Program Files\\Mozilla Firefox\\firefox.exe" "--marionette" "--headless" "--remote-debugging-port" "520 ... 9" "--remote-allow-hosts" "localhost" "-no-remote" "-profile" "C:\\Users\\nimun\\AppData\\Local\\Temp\\rust_mozprofilekqUFMP"
*** You are running in headless mode.
console.warn: services.settings: Ignoring preference override of remote settings server
console.warn: services.settings: Allow by setting MOZ_REMOTE_SETTINGS_DEVTOOLS=1 in the environment
1713074199805	Marionette	INFO	Marionette enabled
Dynamically enable window occlusion 0
1713074199974	Marionette	INFO	Listening on port 52049
WebDriver BiDi listening on ws://127.0.0.1:52039
Read port: 52049
1713074200542	RemoteAgent	WARN	TLS certificate errors will be ignored for this session
[GFX1-]: RenderCompositorSWGL failed mapping default framebuffer, no dt
console.error: ({})
DevTools listening on ws://127.0.0.1:52039/devtools/browser/e6afbeb9-3cd7-48a7-988c-9c6d0a6e9fcb
console.warn: LoginRecipes: "Falling back to a synchronous message for: https://www.google.com."
JavaScript warning: https://www.youtube.com/s/player/7ebf4817/www-embed-player.vflset/www-embed-player.js, line 908: Script terminated by timeout at:
T@https://www.youtube.com/s/player/7ebf4817/www-embed-player.vflset/www-embed-player.js:908:226
@https://www.youtube.com/s/player/7ebf4817/www-embed-player.vflset/www-embed-player.js:1905:52
dl/<@https://www.youtube.com/s/player/7ebf4817/www-embed-player.vflset/www-embed-player.js:888:63

1713074228996	Marionette	INFO	Stopped listening on port 52049
Dynamically enable window occlusion 1
console.error: (new Error("Polling for changes failed: NetworkError: Network request failed.", "resource://services-settings/remote-settings.sys.mjs", 324))
console.error: Region.sys.mjs: "Error fetching region" (new TypeError("NetworkError when attempting to fetch resource.", ""))
console.error: Region.sys.mjs: "Failed to fetch region" (new Error("NO_RESULT", "resource://gre/modules/Region.sys.mjs", 411))
1713074230019	addons.xpi	ERROR	System addon update list error Error: Failed downloading XML, status: 0, channelStatus: 2147500036, errorCode: 2, reason: error
1713074393022	geckodriver	INFO	Listening on 127.0.0.1:52214
1713074396076	mozrunner::runner	INFO	Running command: "C:\\Program Files\\Mozilla Firefox\\firefox.exe" "--marionette" "--headless" "--remote-debugging-port" "522 ... 5" "--remote-allow-hosts" "localhost" "-no-remote" "-profile" "C:\\Users\\nimun\\AppData\\Local\\Temp\\rust_mozprofilewVsH8O"
*** You are running in headless mode.
console.warn: services.settings: Ignoring preference override of remote settings server
console.warn: services.settings: Allow by setting MOZ_REMOTE_SETTINGS_DEVTOOLS=1 in the environment
1713074396642	Marionette	INFO	Marionette enabled
Dynamically enable window occlusion 0
1713074396746	Marionette	INFO	Listening on port 52227
WebDriver BiDi listening on ws://127.0.0.1:52215
Read port: 52227
1713074397121	RemoteAgent	WARN	TLS certificate errors will be ignored for this session
[GFX1-]: RenderCompositorSWGL failed mapping default framebuffer, no dt
console.error: ({})
DevTools listening on ws://127.0.0.1:52215/devtools/browser/0b4f2589-378c-44f0-a295-dcbc272463a4
console.warn: LoginRecipes: "Falling back to a synchronous message for: https://www.google.com."
JavaScript warning: https://www.youtube.com/s/player/7ebf4817/www-embed-player.vflset/www-embed-player.js, line 908: Script terminated by timeout at:
T@https://www.youtube.com/s/player/7ebf4817/www-embed-player.vflset/www-embed-player.js:908:226
@https://www.youtube.com/s/player/7ebf4817/www-embed-player.vflset/www-embed-player.js:1905:52
dl/<@https://www.youtube.com/s/player/7ebf4817/www-embed-player.vflset/www-embed-player.js:888:63

1713074425619	Marionette	INFO	Stopped listening on port 52227
Dynamically enable window occlusion 1
console.error: (new Error("Polling for changes failed: NetworkError: Network request failed.", "resource://services-settings/remote-settings.sys.mjs", 324))
console.error: Region.sys.mjs: "Error fetching region" (new TypeError("NetworkError when attempting to fetch resource.", ""))
console.error: Region.sys.mjs: "Failed to fetch region" (new Error("NO_RESULT", "resource://gre/modules/Region.sys.mjs", 411))
1713074426746	addons.xpi	ERROR	System addon update list error Error: Failed downloading XML, status: 0, channelStatus: 2147500036, errorCode: 2, reason: error
1713075753156	geckodriver	INFO	Listening on 127.0.0.1:52731
1713075756207	mozrunner::runner	INFO	Running command: "C:\\Program Files\\Mozilla Firefox\\firefox.exe" "--marionette" "--headless" "--remote-debugging-port" "527 ... 2" "--remote-allow-hosts" "localhost" "-no-remote" "-profile" "C:\\Users\\nimun\\AppData\\Local\\Temp\\rust_mozprofileKVhQYZ"
*** You are running in headless mode.
console.warn: services.settings: Ignoring preference override of remote settings server
console.warn: services.settings: Allow by setting MOZ_REMOTE_SETTINGS_DEVTOOLS=1 in the environment
1713075757568	Marionette	INFO	Marionette enabled
Dynamically enable window occlusion 0
1713075757699	Marionette	INFO	Listening on port 52743
WebDriver BiDi listening on ws://127.0.0.1:52732
Read port: 52743
1713075758254	RemoteAgent	WARN	TLS certificate errors will be ignored for this session
[GFX1-]: RenderCompositorSWGL failed mapping default framebuffer, no dt
console.error: ({})
DevTools listening on ws://127.0.0.1:52732/devtools/browser/7bcf47ae-fd06-440a-a764-a44bb0d96063
console.warn: LoginRecipes: "Falling back to a synchronous message for: https://www.google.com."
JavaScript warning: https://www.youtube.com/s/player/7ebf4817/www-embed-player.vflset/www-embed-player.js, line 908: Script terminated by timeout at:
T@https://www.youtube.com/s/player/7ebf4817/www-embed-player.vflset/www-embed-player.js:908:226
@https://www.youtube.com/s/player/7ebf4817/www-embed-player.vflset/www-embed-player.js:1905:52
dl/<@https://www.youtube.com/s/player/7ebf4817/www-embed-player.vflset/www-embed-player.js:888:63

1713075786880	Marionette	INFO	Stopped listening on port 52743
Dynamically enable window occlusion 1
console.error: (new Error("Polling for changes failed: NetworkError: Network request failed.", "resource://services-settings/remote-settings.sys.mjs", 324))
console.error: Region.sys.mjs: "Error fetching region" (new TypeError("NetworkError when attempting to fetch resource.", ""))
console.error: Region.sys.mjs: "Failed to fetch region" (new Error("NO_RESULT", "resource://gre/modules/Region.sys.mjs", 411))
1713075788084	addons.xpi	ERROR	System addon update list error Error: Failed downloading XML, status: 0, channelStatus: 2147500036, errorCode: 2, reason: error
1713075852459	geckodriver	INFO	Listening on 127.0.0.1:52925
1713075855649	mozrunner::runner	INFO	Running command: "C:\\Program Files\\Mozilla Firefox\\firefox.exe" "--marionette" "--headless" "--remote-debugging-port" "529 ... 6" "--remote-allow-hosts" "localhost" "-no-remote" "-profile" "C:\\Users\\nimun\\AppData\\Local\\Temp\\rust_mozprofilet46DHR"
*** You are running in headless mode.
console.warn: services.settings: Ignoring preference override of remote settings server
console.warn: services.settings: Allow by setting MOZ_REMOTE_SETTINGS_DEVTOOLS=1 in the environment
1713075856335	Marionette	INFO	Marionette enabled
Dynamically enable window occlusion 0
1713075856544	Marionette	INFO	Listening on port 52936
Read port: 52936
WebDriver BiDi listening on ws://127.0.0.1:52926
1713075856748	RemoteAgent	WARN	TLS certificate errors will be ignored for this session
[GFX1-]: RenderCompositorSWGL failed mapping default framebuffer, no dt
console.error: ({})
DevTools listening on ws://127.0.0.1:52926/devtools/browser/bde676c2-af89-4661-a7ad-be0418fd80ec
console.warn: LoginRecipes: "Falling back to a synchronous message for: https://www.google.com."
JavaScript warning: https://www.youtube.com/s/player/7ebf4817/www-embed-player.vflset/www-embed-player.js, line 908: Script terminated by timeout at:
T@https://www.youtube.com/s/player/7ebf4817/www-embed-player.vflset/www-embed-player.js:908:226
@https://www.youtube.com/s/player/7ebf4817/www-embed-player.vflset/www-embed-player.js:1905:52
dl/<@https://www.youtube.com/s/player/7ebf4817/www-embed-player.vflset/www-embed-player.js:888:63

1713075886706	addons.xpi	ERROR	System addon update list error SyntaxError: XMLHttpRequest.open: 'http://%(server)s/dummy-system-addons.xml' is not a valid URL.
1713075888286	Marionette	INFO	Stopped listening on port 52936
Dynamically enable window occlusion 1
console.error: services.settings: 
  Message: StorageError: Storage error: Error: IndexedDB: main/fxmonitor-breaches list() IndexedDB:  execute() The application is shutting down
  Stack:
    StorageError@resource://services-settings/RemoteSettingsClient.sys.mjs:153:5
_adjustedError@resource://services-settings/RemoteSettingsClient.sys.mjs:928:14
maybeSync@resource://services-settings/RemoteSettingsClient.sys.mjs:816:38
observe@resource://gre/modules/AsyncShutdown.sys.mjs:570:17

console.error: (new Error("IndexedDB: main/message-groups getLastModified() IndexedDB:  execute() The application is shutting down", "resource://services-settings/IDBHelpers.sys.mjs", 16))
1713075955490	geckodriver	INFO	Listening on 127.0.0.1:53096
1713075958539	mozrunner::runner	INFO	Running command: "C:\\Program Files\\Mozilla Firefox\\firefox.exe" "--marionette" "--headless" "--remote-debugging-port" "530 ... 7" "--remote-allow-hosts" "localhost" "-no-remote" "-profile" "C:\\Users\\nimun\\AppData\\Local\\Temp\\rust_mozprofileCoihvq"
*** You are running in headless mode.
console.warn: services.settings: Ignoring preference override of remote settings server
console.warn: services.settings: Allow by setting MOZ_REMOTE_SETTINGS_DEVTOOLS=1 in the environment
1713075959690	Marionette	INFO	Marionette enabled
Dynamically enable window occlusion 0
1713075959833	Marionette	INFO	Listening on port 53108
Read port: 53108
WebDriver BiDi listening on ws://127.0.0.1:53097
1713075959961	RemoteAgent	WARN	TLS certificate errors will be ignored for this session
[GFX1-]: RenderCompositorSWGL failed mapping default framebuffer, no dt
console.error: ({})
DevTools listening on ws://127.0.0.1:53097/devtools/browser/1362115a-2ee3-4eca-b8d2-c21d2c403184
console.warn: LoginRecipes: "Falling back to a synchronous message for: https://www.google.com."
JavaScript warning: https://www.youtube.com/s/player/7ebf4817/player_ias.vflset/es_MX/base.js, line 2852: Script terminated by timeout at:
yH@https://www.youtube.com/s/player/7ebf4817/player_ias.vflset/es_MX/base.js:2852:68
g.k.ZR@https://www.youtube.com/s/player/7ebf4817/player_ias.vflset/es_MX/base.js:12795:66
g.k.sendAbandonmentPing@https://www.youtube.com/s/player/7ebf4817/player_ias.vflset/es_MX/base.js:12681:107
g.k.sendAbandonmentPing@https://www.youtube.com/s/player/7ebf4817/player_ias.vflset/es_MX/base.js:10792:62
KT/a.state.B[b]@https://www.youtube.com/s/player/7ebf4817/player_ias.vflset/es_MX/base.js:4883:53
zx/<@https://www.youtube.com/s/player/7ebf4817/www-embed-player.vflset/www-embed-player.js:1860:106
Mx@https://www.youtube.com/s/player/7ebf4817/www-embed-player.vflset/www-embed-player.js:1896:46
@https://www.youtube.com/s/player/7ebf4817/www-embed-player.vflset/www-embed-player.js:1905:137
dl/<@https://www.youtube.com/s/player/7ebf4817/www-embed-player.vflset/www-embed-player.js:888:63

1713075990324	Marionette	INFO	Stopped listening on port 53108
Dynamically enable window occlusion 1
console.error: (new Error("Polling for changes failed: NetworkError: Network request failed.", "resource://services-settings/remote-settings.sys.mjs", 324))
console.error: Region.sys.mjs: "Error fetching region" (new TypeError("NetworkError when attempting to fetch resource.", ""))
console.error: Region.sys.mjs: "Failed to fetch region" (new Error("NO_RESULT", "resource://gre/modules/Region.sys.mjs", 411))
1713075991546	addons.xpi	ERROR	System addon update list error Error: Failed downloading XML, status: 0, channelStatus: 2147500036, errorCode: 2, reason: error
1713076632505	geckodriver	INFO	Listening on 127.0.0.1:53621
1713076635504	mozrunner::runner	INFO	Running command: "C:\\Program Files\\Mozilla Firefox\\firefox.exe" "--marionette" "--headless" "--remote-debugging-port" "536 ... 2" "--remote-allow-hosts" "localhost" "-no-remote" "-profile" "C:\\Users\\nimun\\AppData\\Local\\Temp\\rust_mozprofileqzyngI"
*** You are running in headless mode.
console.warn: services.settings: Ignoring preference override of remote settings server
console.warn: services.settings: Allow by setting MOZ_REMOTE_SETTINGS_DEVTOOLS=1 in the environment
1713076637399	Marionette	INFO	Marionette enabled
Dynamically enable window occlusion 0
1713076637633	Marionette	INFO	Listening on port 53633
Read port: 53633
WebDriver BiDi listening on ws://127.0.0.1:53622
1713076637943	RemoteAgent	WARN	TLS certificate errors will be ignored for this session
[GFX1-]: RenderCompositorSWGL failed mapping default framebuffer, no dt
console.error: ({})
DevTools listening on ws://127.0.0.1:53622/devtools/browser/dbb4e6d4-bc66-4961-87f7-1a76ef1aab64
console.warn: LoginRecipes: "Falling back to a synchronous message for: https://www.google.com."
JavaScript warning: https://www.youtube.com/s/player/7ebf4817/www-embed-player.vflset/www-embed-player.js, line 908: Script terminated by timeout at:
T@https://www.youtube.com/s/player/7ebf4817/www-embed-player.vflset/www-embed-player.js:908:226
@https://www.youtube.com/s/player/7ebf4817/www-embed-player.vflset/www-embed-player.js:1905:52
dl/<@https://www.youtube.com/s/player/7ebf4817/www-embed-player.vflset/www-embed-player.js:888:63

1713076667736	addons.xpi	ERROR	System addon update list error SyntaxError: XMLHttpRequest.open: 'http://%(server)s/dummy-system-addons.xml' is not a valid URL.
1713076670309	Marionette	INFO	Stopped listening on port 53633
Dynamically enable window occlusion 1
console.error: services.settings: 
  main/translations-models Signature failed  TypeError: NetworkError: Network request failed
console.error: services.settings: 
  Message: NetworkError: Network error: TypeError: NetworkError: Network request failed
  Stack:
    APIError@resource://services-settings/RemoteSettingsClient.sys.mjs:107:1
NetworkError@resource://services-settings/RemoteSettingsClient.sys.mjs:111:5
_adjustedError@resource://services-settings/RemoteSettingsClient.sys.mjs:911:14
maybeSync@resource://services-settings/RemoteSettingsClient.sys.mjs:816:38

console.warn: services.settings: main/devtools-compatibility-browsers sync interrupted by shutdown
console.warn: services.settings: main/sites-classification sync interrupted by shutdown
console.warn: services.settings: main/anti-tracking-url-decoration sync interrupted by shutdown
console.warn: services.settings: main/public-suffix-list sync interrupted by shutdown
console.error: (new AbortError("IndexedDB: main/windows-default-browser-agent getLastModified() IndexedDB:  execute() A request was aborted, for example through a call to IDBTransaction.abort.", "resource://services-settings/IDBHelpers.sys.mjs", 16))
1713076715816	geckodriver	INFO	Listening on 127.0.0.1:53787
1713076718892	mozrunner::runner	INFO	Running command: "C:\\Program Files\\Mozilla Firefox\\firefox.exe" "--marionette" "--headless" "--remote-debugging-port" "537 ... 8" "--remote-allow-hosts" "localhost" "-no-remote" "-profile" "C:\\Users\\nimun\\AppData\\Local\\Temp\\rust_mozprofileZoLEwn"
*** You are running in headless mode.
console.warn: services.settings: Ignoring preference override of remote settings server
console.warn: services.settings: Allow by setting MOZ_REMOTE_SETTINGS_DEVTOOLS=1 in the environment
1713076719532	Marionette	INFO	Marionette enabled
Dynamically enable window occlusion 0
1713076719639	Marionette	INFO	Listening on port 53799
WebDriver BiDi listening on ws://127.0.0.1:53788
Read port: 53799
1713076719907	RemoteAgent	WARN	TLS certificate errors will be ignored for this session
[GFX1-]: RenderCompositorSWGL failed mapping default framebuffer, no dt
console.error: ({})
DevTools listening on ws://127.0.0.1:53788/devtools/browser/a167d98d-702d-4363-8ee9-b9791259dded
console.warn: LoginRecipes: "Falling back to a synchronous message for: https://www.google.com."
JavaScript warning: https://www.youtube.com/s/player/7ebf4817/www-embed-player.vflset/www-embed-player.js, line 908: Script terminated by timeout at:
T@https://www.youtube.com/s/player/7ebf4817/www-embed-player.vflset/www-embed-player.js:908:226
@https://www.youtube.com/s/player/7ebf4817/www-embed-player.vflset/www-embed-player.js:1905:52
dl/<@https://www.youtube.com/s/player/7ebf4817/www-embed-player.vflset/www-embed-player.js:888:63

1713076749752	addons.xpi	ERROR	System addon update list error SyntaxError: XMLHttpRequest.open: 'http://%(server)s/dummy-system-addons.xml' is not a valid URL.
1713076751268	Marionette	INFO	Stopped listening on port 53799
Dynamically enable window occlusion 1
console.error: services.settings: 
  Message: NetworkError: Network error: TypeError: NetworkError: Network request failed
  Stack:
    APIError@resource://services-settings/RemoteSettingsClient.sys.mjs:107:1
NetworkError@resource://services-settings/RemoteSettingsClient.sys.mjs:111:5
_adjustedError@resource://services-settings/RemoteSettingsClient.sys.mjs:911:14
maybeSync@resource://services-settings/RemoteSettingsClient.sys.mjs:816:38

console.warn: services.settings: main/cookie-banner-rules-list sync interrupted by shutdown
console.warn: services.settings: main/translations-models sync interrupted by shutdown
console.error: (new AbortError("IndexedDB: main/devtools-compatibility-browsers getLastModified() IndexedDB:  execute() A request was aborted, for example through a call to IDBTransaction.abort.", "resource://services-settings/IDBHelpers.sys.mjs", 16))
1713079420180	geckodriver	INFO	Listening on 127.0.0.1:50303
1713079423203	mozrunner::runner	INFO	Running command: "C:\\Program Files\\Mozilla Firefox\\firefox.exe" "--marionette" "--headless" "--remote-debugging-port" "503 ... 4" "--remote-allow-hosts" "localhost" "-no-remote" "-profile" "C:\\Users\\nimun\\AppData\\Local\\Temp\\rust_mozprofileUgDXVk"
*** You are running in headless mode.
console.warn: services.settings: Ignoring preference override of remote settings server
console.warn: services.settings: Allow by setting MOZ_REMOTE_SETTINGS_DEVTOOLS=1 in the environment
1713079423983	Marionette	INFO	Marionette enabled
Dynamically enable window occlusion 0
1713079424141	Marionette	INFO	Listening on port 50314
WebDriver BiDi listening on ws://127.0.0.1:50304
Read port: 50314
1713079424756	RemoteAgent	WARN	TLS certificate errors will be ignored for this session
[GFX1-]: RenderCompositorSWGL failed mapping default framebuffer, no dt
console.error: ({})
DevTools listening on ws://127.0.0.1:50304/devtools/browser/15c82972-837b-4acd-9be0-c4e81c89f2bd
console.warn: LoginRecipes: "Falling back to a synchronous message for: https://www.google.com."
JavaScript warning: https://www.youtube.com/s/player/7ebf4817/player_ias.vflset/es_MX/base.js, line 7913: Script terminated by timeout at:
g.k.isDisposed@https://www.youtube.com/s/player/7ebf4817/player_ias.vflset/es_MX/base.js:7913:315
g.vF.prototype.publish@https://www.youtube.com/s/player/7ebf4817/player_ias.vflset/es_MX/base.js:8936:50
g.k.sendAbandonmentPing@https://www.youtube.com/s/player/7ebf4817/player_ias.vflset/es_MX/base.js:12681:75
g.k.sendAbandonmentPing@https://www.youtube.com/s/player/7ebf4817/player_ias.vflset/es_MX/base.js:10792:62
KT/a.state.B[b]@https://www.youtube.com/s/player/7ebf4817/player_ias.vflset/es_MX/base.js:4883:53
zx/<@https://www.youtube.com/s/player/7ebf4817/www-embed-player.vflset/www-embed-player.js:1860:106
Mx@https://www.youtube.com/s/player/7ebf4817/www-embed-player.vflset/www-embed-player.js:1896:46
@https://www.youtube.com/s/player/7ebf4817/www-embed-player.vflset/www-embed-player.js:1905:137
dl/<@https://www.youtube.com/s/player/7ebf4817/www-embed-player.vflset/www-embed-player.js:888:63

1713079454037	addons.xpi	ERROR	System addon update list error SyntaxError: XMLHttpRequest.open: 'http://%(server)s/dummy-system-addons.xml' is not a valid URL.
1713079456372	Marionette	INFO	Stopped listening on port 50314
Dynamically enable window occlusion 1
console.error: services.settings: 
  Message: NetworkError: Network error: TypeError: NetworkError: Network request failed
  Stack:
    APIError@resource://services-settings/RemoteSettingsClient.sys.mjs:107:1
NetworkError@resource://services-settings/RemoteSettingsClient.sys.mjs:111:5
_adjustedError@resource://services-settings/RemoteSettingsClient.sys.mjs:911:14
maybeSync@resource://services-settings/RemoteSettingsClient.sys.mjs:816:38

console.warn: services.settings: main/cookie-banner-rules-list sync interrupted by shutdown
console.warn: services.settings: main/translations-models sync interrupted by shutdown
console.warn: services.settings: main/devtools-compatibility-browsers sync interrupted by shutdown
console.error: (new AbortError("IndexedDB: main/sites-classification getLastModified() IndexedDB:  execute() A request was aborted, for example through a call to IDBTransaction.abort.", "resource://services-settings/IDBHelpers.sys.mjs", 16))
1713079513815	geckodriver	INFO	Listening on 127.0.0.1:50452
1713079516861	mozrunner::runner	INFO	Running command: "C:\\Program Files\\Mozilla Firefox\\firefox.exe" "--marionette" "--headless" "--remote-debugging-port" "504 ... 3" "--remote-allow-hosts" "localhost" "-no-remote" "-profile" "C:\\Users\\nimun\\AppData\\Local\\Temp\\rust_mozprofileZXiOie"
*** You are running in headless mode.
console.warn: services.settings: Ignoring preference override of remote settings server
console.warn: services.settings: Allow by setting MOZ_REMOTE_SETTINGS_DEVTOOLS=1 in the environment
1713079517407	Marionette	INFO	Marionette enabled
Dynamically enable window occlusion 0
1713079517530	Marionette	INFO	Listening on port 50463
WebDriver BiDi listening on ws://127.0.0.1:50453
Read port: 50463
1713079517881	RemoteAgent	WARN	TLS certificate errors will be ignored for this session
[GFX1-]: RenderCompositorSWGL failed mapping default framebuffer, no dt
console.error: ({})
DevTools listening on ws://127.0.0.1:50453/devtools/browser/36e66879-e372-4fed-958b-397ef1793953
console.warn: LoginRecipes: "Falling back to a synchronous message for: https://www.google.com."
JavaScript warning: https://www.youtube.com/s/player/7ebf4817/www-embed-player.vflset/www-embed-player.js, line 908: Script terminated by timeout at:
T@https://www.youtube.com/s/player/7ebf4817/www-embed-player.vflset/www-embed-player.js:908:226
@https://www.youtube.com/s/player/7ebf4817/www-embed-player.vflset/www-embed-player.js:1905:52
dl/<@https://www.youtube.com/s/player/7ebf4817/www-embed-player.vflset/www-embed-player.js:888:63

1713079547454	addons.xpi	ERROR	System addon update list error SyntaxError: XMLHttpRequest.open: 'http://%(server)s/dummy-system-addons.xml' is not a valid URL.
1713079547601	Marionette	INFO	Stopped listening on port 50463
Dynamically enable window occlusion 1
console.warn: services.settings: blocklists/addons-bloomfilters sync interrupted by shutdown
console.warn: services.settings: blocklists/gfx sync interrupted by shutdown
console.warn: services.settings: main/normandy-recipes-capabilities sync interrupted by shutdown
console.warn: services.settings: main/partitioning-exempt-urls sync interrupted by shutdown
console.warn: services.settings: main/translations-wasm sync interrupted by shutdown
console.warn: services.settings: main/search-config-overrides-v2 sync interrupted by shutdown
console.warn: services.settings: main/language-dictionaries sync interrupted by shutdown
console.warn: services.settings: main/password-recipes sync interrupted by shutdown
console.warn: services.settings: main/password-rules sync interrupted by shutdown
console.warn: services.settings: main/translations-identification-models sync interrupted by shutdown
console.warn: services.settings: main/fingerprinting-protection-overrides sync interrupted by shutdown
console.warn: services.settings: main/fxmonitor-breaches sync interrupted by shutdown
console.warn: services.settings: main/url-classifier-skip-urls sync interrupted by shutdown
console.warn: services.settings: main/cookie-banner-rules-list sync interrupted by shutdown
console.warn: services.settings: main/translations-models sync interrupted by shutdown
console.warn: services.settings: main/devtools-compatibility-browsers sync interrupted by shutdown
console.error: (new AbortError("IndexedDB: main/sites-classification getLastModified() IndexedDB:  execute() A request was aborted, for example through a call to IDBTransaction.abort.", "resource://services-settings/IDBHelpers.sys.mjs", 16))
1713079646421	geckodriver	INFO	Listening on 127.0.0.1:50614
1713079649473	mozrunner::runner	INFO	Running command: "C:\\Program Files\\Mozilla Firefox\\firefox.exe" "--marionette" "--headless" "--remote-debugging-port" "506 ... 5" "--remote-allow-hosts" "localhost" "-no-remote" "-profile" "C:\\Users\\nimun\\AppData\\Local\\Temp\\rust_mozprofileFQxTVB"
*** You are running in headless mode.
console.warn: services.settings: Ignoring preference override of remote settings server
console.warn: services.settings: Allow by setting MOZ_REMOTE_SETTINGS_DEVTOOLS=1 in the environment
1713079650110	Marionette	INFO	Marionette enabled
Dynamically enable window occlusion 0
1713079650332	Marionette	INFO	Listening on port 50626
WebDriver BiDi listening on ws://127.0.0.1:50615
Read port: 50626
1713079650709	RemoteAgent	WARN	TLS certificate errors will be ignored for this session
[GFX1-]: RenderCompositorSWGL failed mapping default framebuffer, no dt
console.error: ({})
DevTools listening on ws://127.0.0.1:50615/devtools/browser/58237aea-9e08-473a-bd9e-a1ebef06e072
console.warn: LoginRecipes: "Falling back to a synchronous message for: https://www.google.com."
JavaScript warning: https://www.youtube.com/s/player/7ebf4817/www-embed-player.vflset/www-embed-player.js, line 908: Script terminated by timeout at:
T@https://www.youtube.com/s/player/7ebf4817/www-embed-player.vflset/www-embed-player.js:908:226
@https://www.youtube.com/s/player/7ebf4817/www-embed-player.vflset/www-embed-player.js:1905:52
dl/<@https://www.youtube.com/s/player/7ebf4817/www-embed-player.vflset/www-embed-player.js:888:63

1713079680202	addons.xpi	ERROR	System addon update list error SyntaxError: XMLHttpRequest.open: 'http://%(server)s/dummy-system-addons.xml' is not a valid URL.
1713079680637	Marionette	INFO	Stopped listening on port 50626
Dynamically enable window occlusion 1
console.error: services.settings: 
  blocklists/addons-bloomfilters Signature failed  TypeError: NetworkError: Network request failed
console.error: services.settings: 
  Message: NetworkError: Network error: TypeError: NetworkError: Network request failed
  Stack:
    APIError@resource://services-settings/RemoteSettingsClient.sys.mjs:107:1
NetworkError@resource://services-settings/RemoteSettingsClient.sys.mjs:111:5
_adjustedError@resource://services-settings/RemoteSettingsClient.sys.mjs:911:14
maybeSync@resource://services-settings/RemoteSettingsClient.sys.mjs:816:38

console.warn: services.settings: blocklists/gfx sync interrupted by shutdown
console.warn: services.settings: main/normandy-recipes-capabilities sync interrupted by shutdown
console.warn: services.settings: main/partitioning-exempt-urls sync interrupted by shutdown
console.warn: services.settings: main/translations-wasm sync interrupted by shutdown
console.warn: services.settings: main/search-config-overrides-v2 sync interrupted by shutdown
console.warn: services.settings: main/language-dictionaries sync interrupted by shutdown
console.error: (new AbortError("IndexedDB: main/password-recipes getLastModified() IndexedDB:  execute() A request was aborted, for example through a call to IDBTransaction.abort.", "resource://services-settings/IDBHelpers.sys.mjs", 16))
1713079840375	geckodriver	INFO	Listening on 127.0.0.1:50794
1713079843406	mozrunner::runner	INFO	Running command: "C:\\Program Files\\Mozilla Firefox\\firefox.exe" "--marionette" "--headless" "--remote-debugging-port" "507 ... 5" "--remote-allow-hosts" "localhost" "-no-remote" "-profile" "C:\\Users\\nimun\\AppData\\Local\\Temp\\rust_mozprofileAt5Hv1"
*** You are running in headless mode.
console.warn: services.settings: Ignoring preference override of remote settings server
console.warn: services.settings: Allow by setting MOZ_REMOTE_SETTINGS_DEVTOOLS=1 in the environment
1713079843952	Marionette	INFO	Marionette enabled
Dynamically enable window occlusion 0
1713079844070	Marionette	INFO	Listening on port 50805
WebDriver BiDi listening on ws://127.0.0.1:50795
Read port: 50805
1713079844431	RemoteAgent	WARN	TLS certificate errors will be ignored for this session
[GFX1-]: RenderCompositorSWGL failed mapping default framebuffer, no dt
console.error: ({})
DevTools listening on ws://127.0.0.1:50795/devtools/browser/35d83bc4-5b1b-4d30-9886-bb623468faf5
console.warn: LoginRecipes: "Falling back to a synchronous message for: https://www.google.com."
JavaScript warning: https://www.youtube.com/s/player/7ebf4817/www-embed-player.vflset/www-embed-player.js, line 908: Script terminated by timeout at:
T@https://www.youtube.com/s/player/7ebf4817/www-embed-player.vflset/www-embed-player.js:908:226
@https://www.youtube.com/s/player/7ebf4817/www-embed-player.vflset/www-embed-player.js:1905:52
dl/<@https://www.youtube.com/s/player/7ebf4817/www-embed-player.vflset/www-embed-player.js:888:63

1713079873526	Marionette	INFO	Stopped listening on port 50805
Dynamically enable window occlusion 1
console.error: Region.sys.mjs: "Error fetching region" (new TypeError("NetworkError when attempting to fetch resource.", ""))
console.error: Region.sys.mjs: "Failed to fetch region" (new Error("NO_RESULT", "resource://gre/modules/Region.sys.mjs", 411))
console.error: (new Error("Polling for changes failed: NetworkError: Network request failed.", "resource://services-settings/remote-settings.sys.mjs", 324))
1713079874983	addons.xpi	ERROR	System addon update list error Error: Failed downloading XML, status: 0, channelStatus: 2147500036, errorCode: 2, reason: error
1713079952126	geckodriver	INFO	Listening on 127.0.0.1:50940
1713079955167	mozrunner::runner	INFO	Running command: "C:\\Program Files\\Mozilla Firefox\\firefox.exe" "--marionette" "--headless" "--remote-debugging-port" "509 ... 1" "--remote-allow-hosts" "localhost" "-no-remote" "-profile" "C:\\Users\\nimun\\AppData\\Local\\Temp\\rust_mozprofilevDlrPI"
*** You are running in headless mode.
console.warn: services.settings: Ignoring preference override of remote settings server
console.warn: services.settings: Allow by setting MOZ_REMOTE_SETTINGS_DEVTOOLS=1 in the environment
1713079955707	Marionette	INFO	Marionette enabled
Dynamically enable window occlusion 0
1713079955827	Marionette	INFO	Listening on port 50951
Read port: 50951
WebDriver BiDi listening on ws://127.0.0.1:50941
1713079955953	RemoteAgent	WARN	TLS certificate errors will be ignored for this session
[GFX1-]: RenderCompositorSWGL failed mapping default framebuffer, no dt
console.error: ({})
DevTools listening on ws://127.0.0.1:50941/devtools/browser/95cc3793-36a7-404d-b25e-2ed5662637f1
console.warn: LoginRecipes: "Falling back to a synchronous message for: https://www.google.com."
JavaScript warning: https://www.youtube.com/s/player/7ebf4817/www-embed-player.vflset/www-embed-player.js, line 908: Script terminated by timeout at:
T@https://www.youtube.com/s/player/7ebf4817/www-embed-player.vflset/www-embed-player.js:908:226
@https://www.youtube.com/s/player/7ebf4817/www-embed-player.vflset/www-embed-player.js:1905:52
dl/<@https://www.youtube.com/s/player/7ebf4817/www-embed-player.vflset/www-embed-player.js:888:63

1713079986799	addons.xpi	ERROR	System addon update list error SyntaxError: XMLHttpRequest.open: 'http://%(server)s/dummy-system-addons.xml' is not a valid URL.
1713079986836	Marionette	INFO	Stopped listening on port 50951
Dynamically enable window occlusion 1
console.warn: services.settings: blocklists/addons-bloomfilters sync interrupted by shutdown
console.warn: services.settings: blocklists/gfx sync interrupted by shutdown
console.warn: services.settings: main/normandy-recipes-capabilities sync interrupted by shutdown
console.warn: services.settings: main/partitioning-exempt-urls sync interrupted by shutdown
console.warn: services.settings: main/translations-wasm sync interrupted by shutdown
console.warn: services.settings: main/search-config-overrides-v2 sync interrupted by shutdown
console.warn: services.settings: main/language-dictionaries sync interrupted by shutdown
console.warn: services.settings: main/password-recipes sync interrupted by shutdown
console.warn: services.settings: main/password-rules sync interrupted by shutdown
console.warn: services.settings: main/translations-identification-models sync interrupted by shutdown
console.warn: services.settings: main/fingerprinting-protection-overrides sync interrupted by shutdown
console.warn: services.settings: main/fxmonitor-breaches sync interrupted by shutdown
console.error: (new AbortError("IndexedDB: main/cfr getLastModified() IndexedDB:  execute() A request was aborted, for example through a call to IDBTransaction.abort.", "resource://services-settings/IDBHelpers.sys.mjs", 16))
1713080023041	geckodriver	INFO	Listening on 127.0.0.1:51081
1713080026082	mozrunner::runner	INFO	Running command: "C:\\Program Files\\Mozilla Firefox\\firefox.exe" "--marionette" "--headless" "--remote-debugging-port" "510 ... 2" "--remote-allow-hosts" "localhost" "-no-remote" "-profile" "C:\\Users\\nimun\\AppData\\Local\\Temp\\rust_mozprofileZA4pfI"
*** You are running in headless mode.
console.warn: services.settings: Ignoring preference override of remote settings server
console.warn: services.settings: Allow by setting MOZ_REMOTE_SETTINGS_DEVTOOLS=1 in the environment
1713080026619	Marionette	INFO	Marionette enabled
Dynamically enable window occlusion 0
1713080026743	Marionette	INFO	Listening on port 51092
Read port: 51092
WebDriver BiDi listening on ws://127.0.0.1:51082
1713080026869	RemoteAgent	WARN	TLS certificate errors will be ignored for this session
[GFX1-]: RenderCompositorSWGL failed mapping default framebuffer, no dt
console.error: ({})
DevTools listening on ws://127.0.0.1:51082/devtools/browser/dc5fcf0c-d0a2-4f36-885c-efe06597d340
console.warn: LoginRecipes: "Falling back to a synchronous message for: https://www.google.com."
JavaScript warning: https://www.youtube.com/s/player/7ebf4817/www-embed-player.vflset/www-embed-player.js, line 908: Script terminated by timeout at:
T@https://www.youtube.com/s/player/7ebf4817/www-embed-player.vflset/www-embed-player.js:908:226
@https://www.youtube.com/s/player/7ebf4817/www-embed-player.vflset/www-embed-player.js:1905:52
dl/<@https://www.youtube.com/s/player/7ebf4817/www-embed-player.vflset/www-embed-player.js:888:63

1713080056580	Marionette	INFO	Stopped listening on port 51092
Dynamically enable window occlusion 1
console.error: Region.sys.mjs: "Error fetching region" (new TypeError("NetworkError when attempting to fetch resource.", ""))
console.error: Region.sys.mjs: "Failed to fetch region" (new Error("NO_RESULT", "resource://gre/modules/Region.sys.mjs", 411))
console.error: (new Error("Polling for changes failed: NetworkError: Network request failed.", "resource://services-settings/remote-settings.sys.mjs", 324))
1713080057799	addons.xpi	ERROR	System addon update list error Error: Failed downloading XML, status: 0, channelStatus: 2147500036, errorCode: 2, reason: error
1713080478023	geckodriver	INFO	Listening on 127.0.0.1:51307
1713080481056	mozrunner::runner	INFO	Running command: "C:\\Program Files\\Mozilla Firefox\\firefox.exe" "--marionette" "--headless" "--remote-debugging-port" "513 ... 8" "--remote-allow-hosts" "localhost" "-no-remote" "-profile" "C:\\Users\\nimun\\AppData\\Local\\Temp\\rust_mozprofiler8yUWP"
*** You are running in headless mode.
console.warn: services.settings: Ignoring preference override of remote settings server
console.warn: services.settings: Allow by setting MOZ_REMOTE_SETTINGS_DEVTOOLS=1 in the environment
1713080481910	Marionette	INFO	Marionette enabled
Dynamically enable window occlusion 0
1713080482032	Marionette	INFO	Listening on port 51318
WebDriver BiDi listening on ws://127.0.0.1:51308
Read port: 51318
1713080482394	RemoteAgent	WARN	TLS certificate errors will be ignored for this session
[GFX1-]: RenderCompositorSWGL failed mapping default framebuffer, no dt
console.error: ({})
DevTools listening on ws://127.0.0.1:51308/devtools/browser/d014b1c7-8e14-4a1e-a231-02a43070e352
console.warn: LoginRecipes: "Falling back to a synchronous message for: https://www.google.com."
JavaScript warning: https://www.youtube.com/s/player/7ebf4817/www-embed-player.vflset/www-embed-player.js, line 908: Script terminated by timeout at:
T@https://www.youtube.com/s/player/7ebf4817/www-embed-player.vflset/www-embed-player.js:908:226
@https://www.youtube.com/s/player/7ebf4817/www-embed-player.vflset/www-embed-player.js:1905:52
dl/<@https://www.youtube.com/s/player/7ebf4817/www-embed-player.vflset/www-embed-player.js:888:63

1713080511979	addons.xpi	ERROR	System addon update list error SyntaxError: XMLHttpRequest.open: 'http://%(server)s/dummy-system-addons.xml' is not a valid URL.
1713080513376	Marionette	INFO	Stopped listening on port 51318
Dynamically enable window occlusion 1
console.warn: services.settings: main/password-recipes sync interrupted by shutdown
console.warn: services.settings: main/password-rules sync interrupted by shutdown
console.warn: services.settings: main/translations-identification-models sync interrupted by shutdown
console.warn: services.settings: main/fingerprinting-protection-overrides sync interrupted by shutdown
console.warn: services.settings: main/fxmonitor-breaches sync interrupted by shutdown
console.warn: services.settings: main/url-classifier-skip-urls sync interrupted by shutdown
console.warn: services.settings: main/cookie-banner-rules-list sync interrupted by shutdown
console.warn: services.settings: main/translations-models sync interrupted by shutdown
console.warn: services.settings: main/devtools-compatibility-browsers sync interrupted by shutdown
console.warn: services.settings: main/sites-classification sync interrupted by shutdown
console.warn: services.settings: main/anti-tracking-url-decoration sync interrupted by shutdown
console.error: (new AbortError("IndexedDB: main/cfr-srg getLastModified() IndexedDB:  execute() A request was aborted, for example through a call to IDBTransaction.abort.", "resource://services-settings/IDBHelpers.sys.mjs", 16))
1713080544502	geckodriver	INFO	Listening on 127.0.0.1:51451
1713080547535	mozrunner::runner	INFO	Running command: "C:\\Program Files\\Mozilla Firefox\\firefox.exe" "--marionette" "--headless" "--remote-debugging-port" "514 ... 2" "--remote-allow-hosts" "localhost" "-no-remote" "-profile" "C:\\Users\\nimun\\AppData\\Local\\Temp\\rust_mozprofileaKkcBH"
*** You are running in headless mode.
console.warn: services.settings: Ignoring preference override of remote settings server
console.warn: services.settings: Allow by setting MOZ_REMOTE_SETTINGS_DEVTOOLS=1 in the environment
1713080548275	Marionette	INFO	Marionette enabled
Dynamically enable window occlusion 0
1713080548449	Marionette	INFO	Listening on port 51462
WebDriver BiDi listening on ws://127.0.0.1:51452
Read port: 51462
1713080548896	RemoteAgent	WARN	TLS certificate errors will be ignored for this session
[GFX1-]: RenderCompositorSWGL failed mapping default framebuffer, no dt
console.error: ({})
DevTools listening on ws://127.0.0.1:51452/devtools/browser/5a2ce9a6-b596-4a21-93e3-9edaf8337774
console.warn: LoginRecipes: "Falling back to a synchronous message for: https://www.google.com."
JavaScript warning: https://www.youtube.com/s/player/7ebf4817/www-embed-player.vflset/www-embed-player.js, line 908: Script terminated by timeout at:
T@https://www.youtube.com/s/player/7ebf4817/www-embed-player.vflset/www-embed-player.js:908:226
@https://www.youtube.com/s/player/7ebf4817/www-embed-player.vflset/www-embed-player.js:1905:52
dl/<@https://www.youtube.com/s/player/7ebf4817/www-embed-player.vflset/www-embed-player.js:888:63

1713080578391	addons.xpi	ERROR	System addon update list error SyntaxError: XMLHttpRequest.open: 'http://%(server)s/dummy-system-addons.xml' is not a valid URL.
JavaScript warning: https://www.youtube.com/s/player/7ebf4817/www-embed-player.vflset/www-embed-player.js, line 1396: Script terminated by timeout at:
m.transition@https://www.youtube.com/s/player/7ebf4817/www-embed-player.vflset/www-embed-player.js:1396:81
Hw/<@https://www.youtube.com/s/player/7ebf4817/www-embed-player.vflset/www-embed-player.js:1759:106

1713080585026	Marionette	INFO	Stopped listening on port 51462
Dynamically enable window occlusion 1
console.error: services.settings: 
  Message: StorageError: Storage error: Error: IndexedDB: main/doh-providers list() IndexedDB:  execute() The application is shutting down
  Stack:
    StorageError@resource://services-settings/RemoteSettingsClient.sys.mjs:153:5
_adjustedError@resource://services-settings/RemoteSettingsClient.sys.mjs:928:14
maybeSync@resource://services-settings/RemoteSettingsClient.sys.mjs:816:38
observe@resource://gre/modules/AsyncShutdown.sys.mjs:570:17

console.error: (new Error("IndexedDB: main/ms-language-packs getLastModified() IndexedDB:  execute() The application is shutting down", "resource://services-settings/IDBHelpers.sys.mjs", 16))
1713080953727	geckodriver	INFO	Listening on 127.0.0.1:51633
1713080956752	mozrunner::runner	INFO	Running command: "C:\\Program Files\\Mozilla Firefox\\firefox.exe" "--marionette" "--headless" "--remote-debugging-port" "516 ... 4" "--remote-allow-hosts" "localhost" "-no-remote" "-profile" "C:\\Users\\nimun\\AppData\\Local\\Temp\\rust_mozprofileqbsRZ0"
*** You are running in headless mode.
console.warn: services.settings: Ignoring preference override of remote settings server
console.warn: services.settings: Allow by setting MOZ_REMOTE_SETTINGS_DEVTOOLS=1 in the environment
1713080959372	Marionette	INFO	Marionette enabled
Dynamically enable window occlusion 0
1713080959539	Marionette	INFO	Listening on port 51651
WebDriver BiDi listening on ws://127.0.0.1:51634
Read port: 51651
1713080959973	RemoteAgent	WARN	TLS certificate errors will be ignored for this session
[GFX1-]: RenderCompositorSWGL failed mapping default framebuffer, no dt
console.error: ({})
DevTools listening on ws://127.0.0.1:51634/devtools/browser/df2f549b-e850-470f-9260-b8193cd9c629
console.warn: LoginRecipes: "Falling back to a synchronous message for: https://www.google.com."
JavaScript warning: https://www.youtube.com/s/player/7ebf4817/www-embed-player.vflset/www-embed-player.js, line 908: Script terminated by timeout at:
T@https://www.youtube.com/s/player/7ebf4817/www-embed-player.vflset/www-embed-player.js:908:226
@https://www.youtube.com/s/player/7ebf4817/www-embed-player.vflset/www-embed-player.js:1905:52
dl/<@https://www.youtube.com/s/player/7ebf4817/www-embed-player.vflset/www-embed-player.js:888:63

1713080989576	addons.xpi	ERROR	System addon update list error SyntaxError: XMLHttpRequest.open: 'http://%(server)s/dummy-system-addons.xml' is not a valid URL.
1713080990900	Marionette	INFO	Stopped listening on port 51651
Dynamically enable window occlusion 1
console.error: services.settings: 
  Message: NetworkError: Network error: TypeError: NetworkError: Network request failed
  Stack:
    APIError@resource://services-settings/RemoteSettingsClient.sys.mjs:107:1
NetworkError@resource://services-settings/RemoteSettingsClient.sys.mjs:111:5
_adjustedError@resource://services-settings/RemoteSettingsClient.sys.mjs:911:14
maybeSync@resource://services-settings/RemoteSettingsClient.sys.mjs:816:38
observe@resource://gre/modules/AsyncShutdown.sys.mjs:570:17

console.warn: services.settings: main/password-rules sync interrupted by shutdown
console.warn: services.settings: main/translations-identification-models sync interrupted by shutdown
console.warn: services.settings: main/fingerprinting-protection-overrides sync interrupted by shutdown
console.error: (new AbortError("IndexedDB: main/message-groups getLastModified() IndexedDB:  execute() A request was aborted, for example through a call to IDBTransaction.abort.", "resource://services-settings/IDBHelpers.sys.mjs", 16))
1713081041028	geckodriver	INFO	Listening on 127.0.0.1:51762
1713081044092	mozrunner::runner	INFO	Running command: "C:\\Program Files\\Mozilla Firefox\\firefox.exe" "--marionette" "--headless" "--remote-debugging-port" "517 ... 3" "--remote-allow-hosts" "localhost" "-no-remote" "-profile" "C:\\Users\\nimun\\AppData\\Local\\Temp\\rust_mozprofilekg0Dqu"
*** You are running in headless mode.
console.warn: services.settings: Ignoring preference override of remote settings server
console.warn: services.settings: Allow by setting MOZ_REMOTE_SETTINGS_DEVTOOLS=1 in the environment
1713081044708	Marionette	INFO	Marionette enabled
Dynamically enable window occlusion 0
1713081044828	Marionette	INFO	Listening on port 51773
WebDriver BiDi listening on ws://127.0.0.1:51763
Read port: 51773
1713081045130	RemoteAgent	WARN	TLS certificate errors will be ignored for this session
[GFX1-]: RenderCompositorSWGL failed mapping default framebuffer, no dt
console.error: ({})
DevTools listening on ws://127.0.0.1:51763/devtools/browser/da138f0f-665e-4080-b006-54f98511df8d
console.warn: LoginRecipes: "Falling back to a synchronous message for: https://www.google.com."
JavaScript warning: https://www.youtube.com/s/player/7ebf4817/www-embed-player.vflset/www-embed-player.js, line 908: Script terminated by timeout at:
T@https://www.youtube.com/s/player/7ebf4817/www-embed-player.vflset/www-embed-player.js:908:226
@https://www.youtube.com/s/player/7ebf4817/www-embed-player.vflset/www-embed-player.js:1905:52
dl/<@https://www.youtube.com/s/player/7ebf4817/www-embed-player.vflset/www-embed-player.js:888:63

1713081074399	Marionette	INFO	Stopped listening on port 51773
Dynamically enable window occlusion 1
console.error: Region.sys.mjs: "Error fetching region" (new TypeError("NetworkError when attempting to fetch resource.", ""))
console.error: Region.sys.mjs: "Failed to fetch region" (new Error("NO_RESULT", "resource://gre/modules/Region.sys.mjs", 411))
console.error: (new Error("Polling for changes failed: NetworkError: Network request failed.", "resource://services-settings/remote-settings.sys.mjs", 324))
1713081076228	addons.xpi	ERROR	System addon update list error Error: Failed downloading XML, status: 0, channelStatus: 2147500036, errorCode: 2, reason: error
1713081113653	geckodriver	INFO	Listening on 127.0.0.1:51900
1713081116686	mozrunner::runner	INFO	Running command: "C:\\Program Files\\Mozilla Firefox\\firefox.exe" "--marionette" "--headless" "--remote-debugging-port" "519 ... 1" "--remote-allow-hosts" "localhost" "-no-remote" "-profile" "C:\\Users\\nimun\\AppData\\Local\\Temp\\rust_mozprofileQV8IlV"
*** You are running in headless mode.
console.warn: services.settings: Ignoring preference override of remote settings server
console.warn: services.settings: Allow by setting MOZ_REMOTE_SETTINGS_DEVTOOLS=1 in the environment
1713081117204	Marionette	INFO	Marionette enabled
Dynamically enable window occlusion 0
1713081117320	Marionette	INFO	Listening on port 51912
WebDriver BiDi listening on ws://127.0.0.1:51901
Read port: 51912
1713081117641	RemoteAgent	WARN	TLS certificate errors will be ignored for this session
[GFX1-]: RenderCompositorSWGL failed mapping default framebuffer, no dt
console.error: ({})
DevTools listening on ws://127.0.0.1:51901/devtools/browser/bc9a6e2d-9072-43dd-b1dd-df2a0c035e71
console.warn: LoginRecipes: "Falling back to a synchronous message for: https://www.google.com."
JavaScript warning: https://www.youtube.com/s/player/7ebf4817/www-embed-player.vflset/www-embed-player.js, line 908: Script terminated by timeout at:
T@https://www.youtube.com/s/player/7ebf4817/www-embed-player.vflset/www-embed-player.js:908:226
@https://www.youtube.com/s/player/7ebf4817/www-embed-player.vflset/www-embed-player.js:1905:52
dl/<@https://www.youtube.com/s/player/7ebf4817/www-embed-player.vflset/www-embed-player.js:888:63

1713081146813	Marionette	INFO	Stopped listening on port 51912
Dynamically enable window occlusion 1
console.error: Region.sys.mjs: "Error fetching region" (new TypeError("NetworkError when attempting to fetch resource.", ""))
console.error: Region.sys.mjs: "Failed to fetch region" (new Error("NO_RESULT", "resource://gre/modules/Region.sys.mjs", 411))
console.error: (new Error("Polling for changes failed: NetworkError: Network request failed.", "resource://services-settings/remote-settings.sys.mjs", 324))
1713081148653	addons.xpi	ERROR	System addon update list error Error: Failed downloading XML, status: 0, channelStatus: 2147500036, errorCode: 2, reason: error
1713082680629	geckodriver	INFO	Listening on 127.0.0.1:52652
1713082683651	mozrunner::runner	INFO	Running command: "C:\\Program Files\\Mozilla Firefox\\firefox.exe" "--marionette" "--headless" "--remote-debugging-port" "526 ... 3" "--remote-allow-hosts" "localhost" "-no-remote" "-profile" "C:\\Users\\nimun\\AppData\\Local\\Temp\\rust_mozprofileBHmyiT"
*** You are running in headless mode.
console.warn: services.settings: Ignoring preference override of remote settings server
console.warn: services.settings: Allow by setting MOZ_REMOTE_SETTINGS_DEVTOOLS=1 in the environment
1713082684194	Marionette	INFO	Marionette enabled
Dynamically enable window occlusion 0
1713082684319	Marionette	INFO	Listening on port 52663
WebDriver BiDi listening on ws://127.0.0.1:52653
Read port: 52663
1713082684679	RemoteAgent	WARN	TLS certificate errors will be ignored for this session
[GFX1-]: RenderCompositorSWGL failed mapping default framebuffer, no dt
console.error: ({})
DevTools listening on ws://127.0.0.1:52653/devtools/browser/8211dd86-645f-4c85-8f70-94338872044f
console.warn: LoginRecipes: "Falling back to a synchronous message for: https://www.google.com."
JavaScript warning: https://www.youtube.com/s/player/7ebf4817/www-embed-player.vflset/www-embed-player.js, line 908: Script terminated by timeout at:
T@https://www.youtube.com/s/player/7ebf4817/www-embed-player.vflset/www-embed-player.js:908:226
@https://www.youtube.com/s/player/7ebf4817/www-embed-player.vflset/www-embed-player.js:1905:52
dl/<@https://www.youtube.com/s/player/7ebf4817/www-embed-player.vflset/www-embed-player.js:888:63

1713082712895	Marionette	INFO	Stopped listening on port 52663
Dynamically enable window occlusion 1
console.error: (new Error("Polling for changes failed: NetworkError: Network request failed.", "resource://services-settings/remote-settings.sys.mjs", 324))
console.error: Region.sys.mjs: "Error fetching region" (new TypeError("NetworkError when attempting to fetch resource.", ""))
console.error: Region.sys.mjs: "Failed to fetch region" (new Error("NO_RESULT", "resource://gre/modules/Region.sys.mjs", 411))
1713082714439	addons.xpi	ERROR	System addon update list error Error: Failed downloading XML, status: 0, channelStatus: 2147500036, errorCode: 2, reason: error
